{"/Users/sdy069/Documents/Project/OneSky/frontend/src/components/EventTeamsPopup.jsx": {"path":"/Users/sdy069/Documents/Project/OneSky/frontend/src/components/EventTeamsPopup.jsx","statementMap":{"0":{"start":{"line":112,"column":0},"end":{"line":112,"column":15}},"1":{"start":{"line":1,"column":32},"end":{"line":1,"column":null}},"2":{"start":{"line":2,"column":18},"end":{"line":2,"column":null}},"3":{"start":{"line":3,"column":30},"end":{"line":3,"column":null}},"4":{"start":{"line":4,"column":7},"end":{"line":4,"column":null}},"5":{"start":{"line":6,"column":24},"end":{"line":110,"column":null}},"6":{"start":{"line":7,"column":44},"end":{"line":7,"column":null}},"7":{"start":{"line":8,"column":28},"end":{"line":8,"column":null}},"8":{"start":{"line":9,"column":38},"end":{"line":9,"column":null}},"9":{"start":{"line":10,"column":32},"end":{"line":10,"column":null}},"10":{"start":{"line":12,"column":21},"end":{"line":25,"column":null}},"11":{"start":{"line":13,"column":4},"end":{"line":13,"column":null}},"12":{"start":{"line":14,"column":4},"end":{"line":14,"column":null}},"13":{"start":{"line":15,"column":4},"end":{"line":15,"column":null}},"14":{"start":{"line":16,"column":4},"end":{"line":24,"column":null}},"15":{"start":{"line":17,"column":30},"end":{"line":17,"column":null}},"16":{"start":{"line":18,"column":6},"end":{"line":18,"column":null}},"17":{"start":{"line":18,"column":17},"end":{"line":18,"column":null}},"18":{"start":{"line":19,"column":6},"end":{"line":19,"column":null}},"19":{"start":{"line":21,"column":6},"end":{"line":21,"column":null}},"20":{"start":{"line":23,"column":6},"end":{"line":23,"column":null}},"21":{"start":{"line":27,"column":27},"end":{"line":30,"column":null}},"22":{"start":{"line":28,"column":22},"end":{"line":28,"column":null}},"23":{"start":{"line":29,"column":4},"end":{"line":29,"column":null}},"24":{"start":{"line":29,"column":15},"end":{"line":29,"column":null}},"25":{"start":{"line":32,"column":26},"end":{"line":40,"column":null}},"26":{"start":{"line":33,"column":4},"end":{"line":33,"column":null}},"27":{"start":{"line":33,"column":27},"end":{"line":33,"column":null}},"28":{"start":{"line":34,"column":23},"end":{"line":34,"column":null}},"29":{"start":{"line":35,"column":4},"end":{"line":39,"column":null}},"30":{"start":{"line":36,"column":6},"end":{"line":36,"column":null}},"31":{"start":{"line":36,"column":52},"end":{"line":36,"column":66}},"32":{"start":{"line":38,"column":6},"end":{"line":38,"column":null}},"33":{"start":{"line":42,"column":23},"end":{"line":46,"column":null}},"34":{"start":{"line":43,"column":4},"end":{"line":43,"column":null}},"35":{"start":{"line":44,"column":4},"end":{"line":44,"column":null}},"36":{"start":{"line":45,"column":4},"end":{"line":45,"column":null}},"37":{"start":{"line":66,"column":39},"end":{"line":66,"column":null}},"38":{"start":{"line":67,"column":41},"end":{"line":67,"column":null}},"39":{"start":{"line":68,"column":20},"end":{"line":70,"column":null}},"40":{"start":{"line":74,"column":39},"end":{"line":74,"column":null}},"41":{"start":{"line":90,"column":31},"end":{"line":90,"column":null}},"42":{"start":{"line":98,"column":18},"end":{"line":98,"column":null}},"43":{"start":{"line":99,"column":18},"end":{"line":99,"column":null}},"44":{"start":{"line":112,"column":15},"end":{"line":112,"column":null}}},"fnMap":{"0":{"name":"(anonymous_5)","decl":{"start":{"line":6,"column":24},"end":{"line":6,"column":25}},"loc":{"start":{"line":6,"column":36},"end":{"line":110,"column":null}}},"1":{"name":"(anonymous_6)","decl":{"start":{"line":12,"column":21},"end":{"line":12,"column":null}},"loc":{"start":{"line":12,"column":21},"end":{"line":25,"column":null}}},"2":{"name":"(anonymous_7)","decl":{"start":{"line":27,"column":27},"end":{"line":27,"column":34}},"loc":{"start":{"line":27,"column":34},"end":{"line":30,"column":null}}},"3":{"name":"(anonymous_8)","decl":{"start":{"line":32,"column":26},"end":{"line":32,"column":27}},"loc":{"start":{"line":32,"column":27},"end":{"line":40,"column":null}}},"4":{"name":"(anonymous_9)","decl":{"start":{"line":36,"column":44},"end":{"line":36,"column":45}},"loc":{"start":{"line":36,"column":52},"end":{"line":36,"column":66}}},"5":{"name":"(anonymous_10)","decl":{"start":{"line":42,"column":23},"end":{"line":42,"column":30}},"loc":{"start":{"line":42,"column":30},"end":{"line":46,"column":null}}},"6":{"name":"(anonymous_12)","decl":{"start":{"line":65,"column":29},"end":{"line":65,"column":30}},"loc":{"start":{"line":65,"column":30},"end":{"line":80,"column":null}}},"7":{"name":"(anonymous_13)","decl":{"start":{"line":74,"column":33},"end":{"line":74,"column":39}},"loc":{"start":{"line":74,"column":39},"end":{"line":74,"column":null}}},"8":{"name":"(anonymous_14)","decl":{"start":{"line":90,"column":25},"end":{"line":90,"column":31}},"loc":{"start":{"line":90,"column":31},"end":{"line":90,"column":null}}},"9":{"name":"(anonymous_15)","decl":{"start":{"line":97,"column":25},"end":{"line":97,"column":null}},"loc":{"start":{"line":97,"column":25},"end":{"line":100,"column":null}}}},"branchMap":{"0":{"loc":{"start":{"line":18,"column":6},"end":{"line":18,"column":null}},"type":"if","locations":[{"start":{"line":18,"column":6},"end":{"line":18,"column":null}},{"start":{},"end":{}}]},"1":{"loc":{"start":{"line":18,"column":33},"end":{"line":18,"column":null}},"type":"binary-expr","locations":[{"start":{"line":18,"column":33},"end":{"line":18,"column":46}},{"start":{"line":18,"column":50},"end":{"line":18,"column":null}}]},"2":{"loc":{"start":{"line":29,"column":4},"end":{"line":29,"column":null}},"type":"if","locations":[{"start":{"line":29,"column":4},"end":{"line":29,"column":null}},{"start":{},"end":{}}]},"3":{"loc":{"start":{"line":33,"column":4},"end":{"line":33,"column":null}},"type":"if","locations":[{"start":{"line":33,"column":4},"end":{"line":33,"column":null}},{"start":{},"end":{}}]},"4":{"loc":{"start":{"line":35,"column":4},"end":{"line":39,"column":null}},"type":"if","locations":[{"start":{"line":35,"column":4},"end":{"line":39,"column":null}},{"start":{"line":37,"column":11},"end":{"line":39,"column":null}}]},"5":{"loc":{"start":{"line":60,"column":15},"end":{"line":60,"column":29}},"type":"binary-expr","locations":[{"start":{"line":60,"column":15},"end":{"line":60,"column":29}}]},"6":{"loc":{"start":{"line":62,"column":16},"end":{"line":63,"column":27}},"type":"cond-expr","locations":[{"start":{"line":62,"column":16},"end":{"line":63,"column":27}}]},"7":{"loc":{"start":{"line":64,"column":16},"end":{"line":83,"column":17}},"type":"cond-expr","locations":[{"start":{"line":64,"column":16},"end":{"line":83,"column":17}}]},"8":{"loc":{"start":{"line":63,"column":18},"end":{"line":63,"column":null}},"type":"binary-expr","locations":[{"start":{"line":63,"column":18},"end":{"line":63,"column":27}},{"start":{"line":63,"column":27},"end":{"line":63,"column":null}}]},"9":{"loc":{"start":{"line":72,"column":28},"end":{"line":72,"column":57}},"type":"cond-expr","locations":[{"start":{"line":72,"column":41},"end":{"line":72,"column":54}},{"start":{"line":72,"column":54},"end":{"line":72,"column":57}}]},"10":{"loc":{"start":{"line":73,"column":28},"end":{"line":73,"column":62}},"type":"cond-expr","locations":[{"start":{"line":73,"column":43},"end":{"line":73,"column":58}},{"start":{"line":73,"column":58},"end":{"line":73,"column":62}}]},"11":{"loc":{"start":{"line":77,"column":25},"end":{"line":77,"column":41}},"type":"binary-expr","locations":[{"start":{"line":77,"column":25},"end":{"line":77,"column":41}}]}},"s":{"0":6,"1":1,"2":1,"3":1,"4":1,"5":1,"6":21,"7":21,"8":21,"9":21,"10":21,"11":6,"12":6,"13":6,"14":6,"15":6,"16":6,"17":1,"18":5,"19":1,"20":6,"21":21,"22":2,"23":2,"24":0,"25":21,"26":4,"27":1,"28":3,"29":3,"30":0,"31":0,"32":3,"33":21,"34":1,"35":1,"36":1,"37":21,"38":21,"39":21,"40":4,"41":1,"42":0,"43":0,"44":1},"f":{"0":21,"1":6,"2":2,"3":4,"4":0,"5":1,"6":21,"7":4,"8":1,"9":0},"b":{"0":[1,5],"1":[1,0],"2":[0,2],"3":[1,3],"4":[0,3],"5":[21],"6":[6],"7":[7],"8":[15,15],"9":[4,17],"10":[7,14],"11":[21]}}
,"/Users/sdy069/Documents/Project/OneSky/frontend/src/components/Leaderboard.jsx": {"path":"/Users/sdy069/Documents/Project/OneSky/frontend/src/components/Leaderboard.jsx","statementMap":{"0":{"start":{"line":116,"column":0},"end":{"line":116,"column":15}},"1":{"start":{"line":1,"column":43},"end":{"line":1,"column":null}},"2":{"start":{"line":2,"column":30},"end":{"line":2,"column":null}},"3":{"start":{"line":3,"column":7},"end":{"line":3,"column":null}},"4":{"start":{"line":5,"column":20},"end":{"line":114,"column":null}},"5":{"start":{"line":6,"column":40},"end":{"line":6,"column":null}},"6":{"start":{"line":7,"column":32},"end":{"line":7,"column":null}},"7":{"start":{"line":8,"column":28},"end":{"line":8,"column":null}},"8":{"start":{"line":9,"column":40},"end":{"line":9,"column":null}},"9":{"start":{"line":10,"column":44},"end":{"line":10,"column":null}},"10":{"start":{"line":11,"column":36},"end":{"line":11,"column":null}},"11":{"start":{"line":14,"column":22},"end":{"line":18,"column":null}},"12":{"start":{"line":15,"column":18},"end":{"line":15,"column":null}},"13":{"start":{"line":16,"column":17},"end":{"line":16,"column":null}},"14":{"start":{"line":17,"column":4},"end":{"line":17,"column":34}},"15":{"start":{"line":20,"column":27},"end":{"line":31,"column":null}},"16":{"start":{"line":21,"column":4},"end":{"line":21,"column":null}},"17":{"start":{"line":22,"column":4},"end":{"line":22,"column":null}},"18":{"start":{"line":24,"column":28},"end":{"line":24,"column":null}},"19":{"start":{"line":25,"column":4},"end":{"line":29,"column":null}},"20":{"start":{"line":26,"column":6},"end":{"line":26,"column":null}},"21":{"start":{"line":28,"column":6},"end":{"line":28,"column":null}},"22":{"start":{"line":30,"column":4},"end":{"line":30,"column":null}},"23":{"start":{"line":33,"column":31},"end":{"line":36,"column":null}},"24":{"start":{"line":34,"column":28},"end":{"line":34,"column":null}},"25":{"start":{"line":35,"column":4},"end":{"line":35,"column":null}},"26":{"start":{"line":35,"column":16},"end":{"line":35,"column":null}},"27":{"start":{"line":38,"column":2},"end":{"line":41,"column":null}},"28":{"start":{"line":39,"column":4},"end":{"line":39,"column":null}},"29":{"start":{"line":40,"column":4},"end":{"line":40,"column":null}},"30":{"start":{"line":43,"column":28},"end":{"line":59,"column":null}},"31":{"start":{"line":45,"column":4},"end":{"line":53,"column":null}},"32":{"start":{"line":46,"column":30},"end":{"line":46,"column":null}},"33":{"start":{"line":47,"column":6},"end":{"line":52,"column":null}},"34":{"start":{"line":48,"column":8},"end":{"line":48,"column":null}},"35":{"start":{"line":48,"column":32},"end":{"line":48,"column":null}},"36":{"start":{"line":50,"column":8},"end":{"line":50,"column":null}},"37":{"start":{"line":51,"column":8},"end":{"line":51,"column":null}},"38":{"start":{"line":56,"column":4},"end":{"line":57,"column":null}},"39":{"start":{"line":57,"column":6},"end":{"line":57,"column":null}},"40":{"start":{"line":57,"column":48},"end":{"line":57,"column":63}},"41":{"start":{"line":71,"column":10},"end":{"line":71,"column":null}},"42":{"start":{"line":93,"column":61},"end":{"line":93,"column":null}},"43":{"start":{"line":116,"column":15},"end":{"line":116,"column":null}}},"fnMap":{"0":{"name":"(anonymous_4)","decl":{"start":{"line":5,"column":20},"end":{"line":5,"column":null}},"loc":{"start":{"line":5,"column":20},"end":{"line":114,"column":null}}},"1":{"name":"(anonymous_5)","decl":{"start":{"line":14,"column":22},"end":{"line":14,"column":23}},"loc":{"start":{"line":14,"column":34},"end":{"line":18,"column":null}}},"2":{"name":"(anonymous_6)","decl":{"start":{"line":20,"column":27},"end":{"line":20,"column":null}},"loc":{"start":{"line":20,"column":27},"end":{"line":31,"column":null}}},"3":{"name":"(anonymous_7)","decl":{"start":{"line":33,"column":31},"end":{"line":33,"column":null}},"loc":{"start":{"line":33,"column":31},"end":{"line":36,"column":null}}},"4":{"name":"(anonymous_8)","decl":{"start":{"line":38,"column":12},"end":{"line":38,"column":null}},"loc":{"start":{"line":38,"column":12},"end":{"line":41,"column":5}}},"5":{"name":"(anonymous_9)","decl":{"start":{"line":43,"column":28},"end":{"line":43,"column":35}},"loc":{"start":{"line":43,"column":35},"end":{"line":59,"column":null}}},"6":{"name":"(anonymous_10)","decl":{"start":{"line":48,"column":21},"end":{"line":48,"column":22}},"loc":{"start":{"line":48,"column":32},"end":{"line":48,"column":null}}},"7":{"name":"(anonymous_11)","decl":{"start":{"line":56,"column":21},"end":{"line":56,"column":22}},"loc":{"start":{"line":57,"column":6},"end":{"line":57,"column":null}}},"8":{"name":"(anonymous_12)","decl":{"start":{"line":57,"column":41},"end":{"line":57,"column":42}},"loc":{"start":{"line":57,"column":48},"end":{"line":57,"column":63}}},"9":{"name":"(anonymous_13)","decl":{"start":{"line":70,"column":47},"end":{"line":70,"column":48}},"loc":{"start":{"line":71,"column":10},"end":{"line":71,"column":null}}},"10":{"name":"(anonymous_14)","decl":{"start":{"line":93,"column":55},"end":{"line":93,"column":61}},"loc":{"start":{"line":93,"column":61},"end":{"line":93,"column":null}}}},"branchMap":{"0":{"loc":{"start":{"line":15,"column":18},"end":{"line":15,"column":null}},"type":"binary-expr","locations":[{"start":{"line":15,"column":18},"end":{"line":15,"column":51}},{"start":{"line":15,"column":51},"end":{"line":15,"column":null}}]},"1":{"loc":{"start":{"line":16,"column":17},"end":{"line":16,"column":null}},"type":"binary-expr","locations":[{"start":{"line":16,"column":17},"end":{"line":16,"column":49}},{"start":{"line":16,"column":49},"end":{"line":16,"column":null}}]},"2":{"loc":{"start":{"line":17,"column":11},"end":{"line":17,"column":34}},"type":"binary-expr","locations":[{"start":{"line":17,"column":11},"end":{"line":17,"column":29}},{"start":{"line":17,"column":29},"end":{"line":17,"column":34}}]},"3":{"loc":{"start":{"line":25,"column":4},"end":{"line":29,"column":null}},"type":"if","locations":[{"start":{"line":25,"column":4},"end":{"line":29,"column":null}},{"start":{"line":27,"column":11},"end":{"line":29,"column":null}}]},"4":{"loc":{"start":{"line":26,"column":15},"end":{"line":26,"column":null}},"type":"binary-expr","locations":[{"start":{"line":26,"column":15},"end":{"line":26,"column":28}},{"start":{"line":26,"column":32},"end":{"line":26,"column":null}}]},"5":{"loc":{"start":{"line":28,"column":21},"end":{"line":28,"column":37}},"type":"binary-expr","locations":[{"start":{"line":28,"column":21},"end":{"line":28,"column":31}},{"start":{"line":28,"column":35},"end":{"line":28,"column":37}}]},"6":{"loc":{"start":{"line":35,"column":4},"end":{"line":35,"column":null}},"type":"if","locations":[{"start":{"line":35,"column":4},"end":{"line":35,"column":null}},{"start":{},"end":{}}]},"7":{"loc":{"start":{"line":45,"column":4},"end":{"line":53,"column":null}},"type":"if","locations":[{"start":{"line":45,"column":4},"end":{"line":53,"column":null}},{"start":{},"end":{}}]},"8":{"loc":{"start":{"line":47,"column":6},"end":{"line":52,"column":null}},"type":"if","locations":[{"start":{"line":47,"column":6},"end":{"line":52,"column":null}},{"start":{"line":49,"column":13},"end":{"line":52,"column":null}}]},"9":{"loc":{"start":{"line":50,"column":17},"end":{"line":50,"column":null}},"type":"binary-expr","locations":[{"start":{"line":50,"column":17},"end":{"line":50,"column":30}},{"start":{"line":50,"column":34},"end":{"line":50,"column":null}}]},"10":{"loc":{"start":{"line":57,"column":6},"end":{"line":57,"column":null}},"type":"cond-expr","locations":[{"start":{"line":57,"column":29},"end":{"line":57,"column":63}},{"start":{"line":57,"column":63},"end":{"line":57,"column":null}}]},"11":{"loc":{"start":{"line":65,"column":7},"end":{"line":65,"column":18}},"type":"binary-expr","locations":[{"start":{"line":65,"column":7},"end":{"line":65,"column":18}}]},"12":{"loc":{"start":{"line":66,"column":7},"end":{"line":66,"column":19}},"type":"binary-expr","locations":[{"start":{"line":66,"column":7},"end":{"line":66,"column":19}},{"start":{"line":66,"column":19},"end":{"line":66,"column":28}}]},"13":{"loc":{"start":{"line":67,"column":7},"end":{"line":67,"column":19}},"type":"binary-expr","locations":[{"start":{"line":67,"column":7},"end":{"line":67,"column":19}},{"start":{"line":67,"column":19},"end":{"line":67,"column":29}},{"start":{"line":67,"column":29},"end":{"line":67,"column":57}}]},"14":{"loc":{"start":{"line":70,"column":9},"end":{"line":71,"column":null}},"type":"binary-expr","locations":[{"start":{"line":70,"column":9},"end":{"line":70,"column":21}},{"start":{"line":70,"column":21},"end":{"line":70,"column":31}},{"start":{"line":70,"column":31},"end":{"line":71,"column":null}}]},"15":{"loc":{"start":{"line":75,"column":14},"end":{"line":81,"column":15}},"type":"cond-expr","locations":[{"start":{"line":75,"column":14},"end":{"line":81,"column":15}}]},"16":{"loc":{"start":{"line":74,"column":13},"end":{"line":74,"column":null}},"type":"binary-expr","locations":[{"start":{"line":74,"column":13},"end":{"line":74,"column":31}},{"start":{"line":74,"column":35},"end":{"line":74,"column":null}}]},"17":{"loc":{"start":{"line":94,"column":15},"end":{"line":94,"column":null}},"type":"cond-expr","locations":[{"start":{"line":94,"column":52},"end":{"line":94,"column":67}},{"start":{"line":94,"column":67},"end":{"line":94,"column":null}}]},"18":{"loc":{"start":{"line":98,"column":13},"end":{"line":98,"column":51}},"type":"binary-expr","locations":[{"start":{"line":98,"column":13},"end":{"line":98,"column":51}},{"start":{"line":98,"column":51},"end":{"line":98,"column":72}}]},"19":{"loc":{"start":{"line":111,"column":7},"end":{"line":111,"column":22}},"type":"binary-expr","locations":[{"start":{"line":111,"column":7},"end":{"line":111,"column":22}}]}},"s":{"0":6,"1":1,"2":1,"3":1,"4":1,"5":15,"6":15,"7":15,"8":15,"9":15,"10":15,"11":15,"12":8,"13":8,"14":8,"15":15,"16":6,"17":6,"18":6,"19":6,"20":1,"21":5,"22":6,"23":15,"24":6,"25":6,"26":6,"27":15,"28":6,"29":6,"30":15,"31":3,"32":2,"33":2,"34":1,"35":1,"36":1,"37":1,"38":2,"39":2,"40":1,"41":8,"42":3,"43":1},"f":{"0":15,"1":8,"2":6,"3":6,"4":6,"5":3,"6":1,"7":2,"8":1,"9":8,"10":3},"b":{"0":[8,0],"1":[8,0],"2":[8,0],"3":[1,5],"4":[1,0],"5":[5,0],"6":[6,0],"7":[2,1],"8":[1,1],"9":[1,0],"10":[1,1],"11":[15],"12":[15,9],"13":[15,9,7],"14":[15,9,7],"15":[0],"16":[8,0],"17":[1,7],"18":[8,1],"19":[15]}}
,"/Users/sdy069/Documents/Project/OneSky/frontend/src/components/TeamCard.jsx": {"path":"/Users/sdy069/Documents/Project/OneSky/frontend/src/components/TeamCard.jsx","statementMap":{"0":{"start":{"line":14,"column":24},"end":{"line":14,"column":33}},"1":{"start":{"line":1,"column":43},"end":{"line":1,"column":null}},"2":{"start":{"line":2,"column":28},"end":{"line":2,"column":null}},"3":{"start":{"line":3,"column":18},"end":{"line":3,"column":null}},"4":{"start":{"line":4,"column":7},"end":{"line":4,"column":null}},"5":{"start":{"line":5,"column":7},"end":{"line":5,"column":null}},"6":{"start":{"line":6,"column":7},"end":{"line":6,"column":null}},"7":{"start":{"line":15,"column":65},"end":{"line":15,"column":null}},"8":{"start":{"line":16,"column":34},"end":{"line":16,"column":null}},"9":{"start":{"line":17,"column":28},"end":{"line":17,"column":null}},"10":{"start":{"line":18,"column":32},"end":{"line":18,"column":null}},"11":{"start":{"line":19,"column":46},"end":{"line":19,"column":null}},"12":{"start":{"line":20,"column":42},"end":{"line":20,"column":null}},"13":{"start":{"line":23,"column":4},"end":{"line":23,"column":null}},"14":{"start":{"line":24,"column":4},"end":{"line":24,"column":null}},"15":{"start":{"line":28,"column":24},"end":{"line":33,"column":null}},"16":{"start":{"line":29,"column":6},"end":{"line":29,"column":null}},"17":{"start":{"line":29,"column":35},"end":{"line":29,"column":null}},"18":{"start":{"line":30,"column":20},"end":{"line":30,"column":null}},"19":{"start":{"line":31,"column":19},"end":{"line":31,"column":null}},"20":{"start":{"line":32,"column":6},"end":{"line":32,"column":null}},"21":{"start":{"line":35,"column":21},"end":{"line":55,"column":null}},"22":{"start":{"line":36,"column":4},"end":{"line":39,"column":null}},"23":{"start":{"line":37,"column":6},"end":{"line":37,"column":null}},"24":{"start":{"line":38,"column":6},"end":{"line":38,"column":null}},"25":{"start":{"line":40,"column":4},"end":{"line":54,"column":null}},"26":{"start":{"line":41,"column":30},"end":{"line":41,"column":null}},"27":{"start":{"line":42,"column":6},"end":{"line":50,"column":null}},"28":{"start":{"line":43,"column":8},"end":{"line":43,"column":null}},"29":{"start":{"line":44,"column":8},"end":{"line":44,"column":null}},"30":{"start":{"line":47,"column":8},"end":{"line":47,"column":null}},"31":{"start":{"line":48,"column":8},"end":{"line":48,"column":null}},"32":{"start":{"line":48,"column":20},"end":{"line":48,"column":null}},"33":{"start":{"line":49,"column":8},"end":{"line":49,"column":null}},"34":{"start":{"line":49,"column":19},"end":{"line":49,"column":null}},"35":{"start":{"line":53,"column":6},"end":{"line":53,"column":null}},"36":{"start":{"line":57,"column":23},"end":{"line":68,"column":null}},"37":{"start":{"line":58,"column":4},"end":{"line":67,"column":null}},"38":{"start":{"line":59,"column":30},"end":{"line":59,"column":null}},"39":{"start":{"line":60,"column":6},"end":{"line":64,"column":null}},"40":{"start":{"line":61,"column":8},"end":{"line":61,"column":null}},"41":{"start":{"line":63,"column":8},"end":{"line":63,"column":null}},"42":{"start":{"line":63,"column":22},"end":{"line":63,"column":null}},"43":{"start":{"line":66,"column":6},"end":{"line":66,"column":null}},"44":{"start":{"line":70,"column":22},"end":{"line":83,"column":null}},"45":{"start":{"line":71,"column":4},"end":{"line":82,"column":null}},"46":{"start":{"line":72,"column":30},"end":{"line":72,"column":null}},"47":{"start":{"line":73,"column":6},"end":{"line":79,"column":null}},"48":{"start":{"line":74,"column":8},"end":{"line":74,"column":null}},"49":{"start":{"line":75,"column":8},"end":{"line":75,"column":null}},"50":{"start":{"line":77,"column":8},"end":{"line":77,"column":null}},"51":{"start":{"line":78,"column":8},"end":{"line":78,"column":null}},"52":{"start":{"line":78,"column":20},"end":{"line":78,"column":null}},"53":{"start":{"line":81,"column":6},"end":{"line":81,"column":null}},"54":{"start":{"line":85,"column":23},"end":{"line":97,"column":null}},"55":{"start":{"line":86,"column":4},"end":{"line":86,"column":null}},"56":{"start":{"line":87,"column":4},"end":{"line":87,"column":null}},"57":{"start":{"line":88,"column":4},"end":{"line":96,"column":null}},"58":{"start":{"line":89,"column":30},"end":{"line":89,"column":null}},"59":{"start":{"line":90,"column":6},"end":{"line":91,"column":null}},"60":{"start":{"line":90,"column":17},"end":{"line":90,"column":null}},"61":{"start":{"line":91,"column":11},"end":{"line":91,"column":null}},"62":{"start":{"line":93,"column":6},"end":{"line":93,"column":null}},"63":{"start":{"line":95,"column":6},"end":{"line":95,"column":null}},"64":{"start":{"line":130,"column":22},"end":{"line":130,"column":null}},"65":{"start":{"line":180,"column":35},"end":{"line":180,"column":null}},"66":{"start":{"line":181,"column":37},"end":{"line":181,"column":null}},"67":{"start":{"line":184,"column":83},"end":{"line":184,"column":121}}},"fnMap":{"0":{"name":"TeamCard","decl":{"start":{"line":14,"column":24},"end":{"line":14,"column":33}},"loc":{"start":{"line":14,"column":137},"end":{"line":195,"column":null}}},"1":{"name":"resetStates","decl":{"start":{"line":22,"column":11},"end":{"line":22,"column":null}},"loc":{"start":{"line":22,"column":11},"end":{"line":25,"column":null}}},"2":{"name":"(anonymous_7)","decl":{"start":{"line":28,"column":24},"end":{"line":28,"column":25}},"loc":{"start":{"line":28,"column":36},"end":{"line":33,"column":null}}},"3":{"name":"(anonymous_8)","decl":{"start":{"line":35,"column":21},"end":{"line":35,"column":28}},"loc":{"start":{"line":35,"column":48},"end":{"line":55,"column":null}}},"4":{"name":"(anonymous_9)","decl":{"start":{"line":57,"column":23},"end":{"line":57,"column":null}},"loc":{"start":{"line":57,"column":23},"end":{"line":68,"column":null}}},"5":{"name":"(anonymous_10)","decl":{"start":{"line":70,"column":22},"end":{"line":70,"column":null}},"loc":{"start":{"line":70,"column":22},"end":{"line":83,"column":null}}},"6":{"name":"(anonymous_11)","decl":{"start":{"line":85,"column":23},"end":{"line":85,"column":null}},"loc":{"start":{"line":85,"column":23},"end":{"line":97,"column":null}}},"7":{"name":"(anonymous_13)","decl":{"start":{"line":129,"column":33},"end":{"line":129,"column":null}},"loc":{"start":{"line":130,"column":22},"end":{"line":130,"column":null}}},"8":{"name":"(anonymous_15)","decl":{"start":{"line":180,"column":30},"end":{"line":180,"column":35}},"loc":{"start":{"line":180,"column":35},"end":{"line":180,"column":null}}},"9":{"name":"(anonymous_16)","decl":{"start":{"line":181,"column":32},"end":{"line":181,"column":37}},"loc":{"start":{"line":181,"column":37},"end":{"line":181,"column":null}}},"10":{"name":"(anonymous_17)","decl":{"start":{"line":184,"column":77},"end":{"line":184,"column":83}},"loc":{"start":{"line":184,"column":83},"end":{"line":184,"column":121}}}},"branchMap":{"0":{"loc":{"start":{"line":14,"column":41},"end":{"line":14,"column":56}},"type":"default-arg","locations":[{"start":{"line":14,"column":51},"end":{"line":14,"column":56}}]},"1":{"loc":{"start":{"line":14,"column":58},"end":{"line":14,"column":74}},"type":"default-arg","locations":[{"start":{"line":14,"column":69},"end":{"line":14,"column":74}}]},"2":{"loc":{"start":{"line":14,"column":76},"end":{"line":14,"column":96}},"type":"default-arg","locations":[{"start":{"line":14,"column":91},"end":{"line":14,"column":96}}]},"3":{"loc":{"start":{"line":14,"column":106},"end":{"line":14,"column":126}},"type":"default-arg","locations":[{"start":{"line":14,"column":121},"end":{"line":14,"column":126}}]},"4":{"loc":{"start":{"line":29,"column":6},"end":{"line":29,"column":null}},"type":"if","locations":[{"start":{"line":29,"column":6},"end":{"line":29,"column":null}},{"start":{},"end":{}}]},"5":{"loc":{"start":{"line":29,"column":10},"end":{"line":29,"column":35}},"type":"binary-expr","locations":[{"start":{"line":29,"column":10},"end":{"line":29,"column":24}},{"start":{"line":29,"column":24},"end":{"line":29,"column":35}}]},"6":{"loc":{"start":{"line":30,"column":20},"end":{"line":30,"column":null}},"type":"cond-expr","locations":[{"start":{"line":30,"column":32},"end":{"line":30,"column":61}},{"start":{"line":30,"column":61},"end":{"line":30,"column":null}}]},"7":{"loc":{"start":{"line":31,"column":19},"end":{"line":31,"column":null}},"type":"cond-expr","locations":[{"start":{"line":31,"column":30},"end":{"line":31,"column":58}},{"start":{"line":31,"column":58},"end":{"line":31,"column":null}}]},"8":{"loc":{"start":{"line":36,"column":4},"end":{"line":39,"column":null}},"type":"if","locations":[{"start":{"line":36,"column":4},"end":{"line":39,"column":null}},{"start":{},"end":{}}]},"9":{"loc":{"start":{"line":42,"column":6},"end":{"line":50,"column":null}},"type":"if","locations":[{"start":{"line":42,"column":6},"end":{"line":50,"column":null}},{"start":{"line":46,"column":10},"end":{"line":50,"column":null}}]},"10":{"loc":{"start":{"line":48,"column":8},"end":{"line":48,"column":null}},"type":"if","locations":[{"start":{"line":48,"column":8},"end":{"line":48,"column":null}},{"start":{},"end":{}}]},"11":{"loc":{"start":{"line":49,"column":8},"end":{"line":49,"column":null}},"type":"if","locations":[{"start":{"line":49,"column":8},"end":{"line":49,"column":null}},{"start":{},"end":{}}]},"12":{"loc":{"start":{"line":60,"column":6},"end":{"line":64,"column":null}},"type":"if","locations":[{"start":{"line":60,"column":6},"end":{"line":64,"column":null}},{"start":{"line":62,"column":13},"end":{"line":64,"column":null}}]},"13":{"loc":{"start":{"line":61,"column":17},"end":{"line":61,"column":null}},"type":"binary-expr","locations":[{"start":{"line":61,"column":17},"end":{"line":61,"column":30}},{"start":{"line":61,"column":34},"end":{"line":61,"column":null}}]},"14":{"loc":{"start":{"line":63,"column":8},"end":{"line":63,"column":null}},"type":"if","locations":[{"start":{"line":63,"column":8},"end":{"line":63,"column":null}},{"start":{},"end":{}}]},"15":{"loc":{"start":{"line":66,"column":15},"end":{"line":66,"column":null}},"type":"binary-expr","locations":[{"start":{"line":66,"column":15},"end":{"line":66,"column":26}},{"start":{"line":66,"column":30},"end":{"line":66,"column":null}}]},"16":{"loc":{"start":{"line":73,"column":6},"end":{"line":79,"column":null}},"type":"if","locations":[{"start":{"line":73,"column":6},"end":{"line":79,"column":null}},{"start":{"line":76,"column":13},"end":{"line":79,"column":null}}]},"17":{"loc":{"start":{"line":74,"column":17},"end":{"line":74,"column":null}},"type":"binary-expr","locations":[{"start":{"line":74,"column":17},"end":{"line":74,"column":30}},{"start":{"line":74,"column":34},"end":{"line":74,"column":null}}]},"18":{"loc":{"start":{"line":78,"column":8},"end":{"line":78,"column":null}},"type":"if","locations":[{"start":{"line":78,"column":8},"end":{"line":78,"column":null}},{"start":{},"end":{}}]},"19":{"loc":{"start":{"line":81,"column":15},"end":{"line":81,"column":null}},"type":"binary-expr","locations":[{"start":{"line":81,"column":15},"end":{"line":81,"column":26}},{"start":{"line":81,"column":30},"end":{"line":81,"column":null}}]},"20":{"loc":{"start":{"line":90,"column":6},"end":{"line":91,"column":null}},"type":"if","locations":[{"start":{"line":90,"column":6},"end":{"line":91,"column":null}},{"start":{"line":91,"column":11},"end":{"line":91,"column":null}}]},"21":{"loc":{"start":{"line":90,"column":33},"end":{"line":90,"column":null}},"type":"binary-expr","locations":[{"start":{"line":90,"column":33},"end":{"line":90,"column":46}},{"start":{"line":90,"column":50},"end":{"line":90,"column":null}}]},"22":{"loc":{"start":{"line":91,"column":22},"end":{"line":91,"column":40}},"type":"binary-expr","locations":[{"start":{"line":91,"column":22},"end":{"line":91,"column":34}},{"start":{"line":91,"column":38},"end":{"line":91,"column":40}}]},"23":{"loc":{"start":{"line":93,"column":22},"end":{"line":93,"column":null}},"type":"binary-expr","locations":[{"start":{"line":93,"column":22},"end":{"line":93,"column":33}},{"start":{"line":93,"column":37},"end":{"line":93,"column":null}}]},"24":{"loc":{"start":{"line":103,"column":9},"end":{"line":103,"column":null}},"type":"binary-expr","locations":[{"start":{"line":103,"column":9},"end":{"line":103,"column":null}}]},"25":{"loc":{"start":{"line":104,"column":40},"end":{"line":104,"column":null}},"type":"cond-expr","locations":[{"start":{"line":104,"column":51},"end":{"line":104,"column":62}},{"start":{"line":104,"column":62},"end":{"line":104,"column":null}}]},"26":{"loc":{"start":{"line":106,"column":13},"end":{"line":106,"column":30}},"type":"binary-expr","locations":[{"start":{"line":106,"column":13},"end":{"line":106,"column":21}},{"start":{"line":106,"column":21},"end":{"line":106,"column":30}}]},"27":{"loc":{"start":{"line":107,"column":9},"end":{"line":107,"column":24}},"type":"binary-expr","locations":[{"start":{"line":107,"column":9},"end":{"line":107,"column":24}}]},"28":{"loc":{"start":{"line":108,"column":9},"end":{"line":108,"column":23}},"type":"binary-expr","locations":[{"start":{"line":108,"column":9},"end":{"line":108,"column":23}}]},"29":{"loc":{"start":{"line":109,"column":10},"end":{"line":109,"column":23}},"type":"binary-expr","locations":[{"start":{"line":109,"column":10},"end":{"line":109,"column":23}},{"start":{"line":109,"column":23},"end":{"line":109,"column":30}},{"start":{"line":109,"column":36},"end":{"line":109,"column":null}}]},"30":{"loc":{"start":{"line":110,"column":47},"end":{"line":110,"column":null}},"type":"binary-expr","locations":[{"start":{"line":110,"column":47},"end":{"line":110,"column":60}},{"start":{"line":110,"column":60},"end":{"line":110,"column":null}}]},"31":{"loc":{"start":{"line":125,"column":19},"end":{"line":125,"column":37}},"type":"binary-expr","locations":[{"start":{"line":125,"column":19},"end":{"line":125,"column":37}}]},"32":{"loc":{"start":{"line":126,"column":19},"end":{"line":126,"column":35}},"type":"binary-expr","locations":[{"start":{"line":126,"column":19},"end":{"line":126,"column":35}}]},"33":{"loc":{"start":{"line":127,"column":19},"end":{"line":127,"column":38}},"type":"binary-expr","locations":[{"start":{"line":127,"column":19},"end":{"line":127,"column":38}},{"start":{"line":127,"column":38},"end":{"line":127,"column":62}}]},"34":{"loc":{"start":{"line":132,"column":26},"end":{"line":138,"column":27}},"type":"cond-expr","locations":[{"start":{"line":132,"column":26},"end":{"line":138,"column":27}}]},"35":{"loc":{"start":{"line":131,"column":23},"end":{"line":131,"column":null}},"type":"binary-expr","locations":[{"start":{"line":131,"column":23},"end":{"line":131,"column":45}},{"start":{"line":131,"column":49},"end":{"line":131,"column":null}}]},"36":{"loc":{"start":{"line":144,"column":27},"end":{"line":144,"column":59}},"type":"binary-expr","locations":[{"start":{"line":144,"column":27},"end":{"line":144,"column":59}}]},"37":{"loc":{"start":{"line":162,"column":11},"end":{"line":162,"column":null}},"type":"cond-expr","locations":[{"start":{"line":162,"column":21},"end":{"line":162,"column":null}},{"start":{"line":162,"column":93},"end":{"line":162,"column":null}}]},"38":{"loc":{"start":{"line":163,"column":11},"end":{"line":163,"column":null}},"type":"cond-expr","locations":[{"start":{"line":163,"column":34},"end":{"line":163,"column":null}},{"start":{"line":163,"column":103},"end":{"line":163,"column":null}}]},"39":{"loc":{"start":{"line":163,"column":11},"end":{"line":163,"column":34}},"type":"binary-expr","locations":[{"start":{"line":163,"column":11},"end":{"line":163,"column":23}},{"start":{"line":163,"column":23},"end":{"line":163,"column":34}}]},"40":{"loc":{"start":{"line":165,"column":11},"end":{"line":165,"column":null}},"type":"binary-expr","locations":[{"start":{"line":165,"column":11},"end":{"line":165,"column":null}}]},"41":{"loc":{"start":{"line":174,"column":19},"end":{"line":174,"column":28}},"type":"binary-expr","locations":[{"start":{"line":174,"column":19},"end":{"line":174,"column":28}}]},"42":{"loc":{"start":{"line":181,"column":37},"end":{"line":181,"column":null}},"type":"binary-expr","locations":[{"start":{"line":181,"column":37},"end":{"line":181,"column":58}},{"start":{"line":181,"column":58},"end":{"line":181,"column":null}}]}},"s":{"0":10,"1":1,"2":1,"3":1,"4":1,"5":1,"6":1,"7":14,"8":14,"9":14,"10":14,"11":14,"12":14,"13":2,"14":2,"15":14,"16":0,"17":0,"18":0,"19":0,"20":0,"21":14,"22":3,"23":1,"24":1,"25":2,"26":2,"27":2,"28":1,"29":1,"30":1,"31":1,"32":0,"33":1,"34":1,"35":0,"36":14,"37":0,"38":0,"39":0,"40":0,"41":0,"42":0,"43":0,"44":14,"45":0,"46":0,"47":0,"48":0,"49":0,"50":0,"51":0,"52":0,"53":0,"54":14,"55":0,"56":0,"57":0,"58":0,"59":0,"60":0,"61":0,"62":0,"63":0,"64":0,"65":2,"66":0,"67":3},"f":{"0":14,"1":2,"2":0,"3":3,"4":0,"5":0,"6":0,"7":0,"8":2,"9":0,"10":3},"b":{"0":[12],"1":[13],"2":[13],"3":[14],"4":[0,0],"5":[0,0],"6":[0,0],"7":[0,0],"8":[1,2],"9":[1,1],"10":[0,1],"11":[1,0],"12":[0,0],"13":[0,0],"14":[0,0],"15":[0,0],"16":[0,0],"17":[0,0],"18":[0,0],"19":[0,0],"20":[0,0],"21":[0,0],"22":[0,0],"23":[0,0],"24":[14],"25":[0,0],"26":[14,0],"27":[14],"28":[14],"29":[14,0,14],"30":[1,0],"31":[14],"32":[14],"33":[14,14],"34":[0],"35":[0,0],"36":[0],"37":[1,13],"38":[1,13],"39":[14,13],"40":[14],"41":[16],"42":[0,0]}}
,"/Users/sdy069/Documents/Project/OneSky/frontend/src/components/UpcomingEvents.jsx": {"path":"/Users/sdy069/Documents/Project/OneSky/frontend/src/components/UpcomingEvents.jsx","statementMap":{"0":{"start":{"line":96,"column":0},"end":{"line":96,"column":15}},"1":{"start":{"line":1,"column":43},"end":{"line":1,"column":null}},"2":{"start":{"line":2,"column":30},"end":{"line":2,"column":null}},"3":{"start":{"line":3,"column":7},"end":{"line":3,"column":null}},"4":{"start":{"line":4,"column":39},"end":{"line":4,"column":null}},"5":{"start":{"line":6,"column":18},"end":{"line":6,"column":null}},"6":{"start":{"line":8,"column":23},"end":{"line":94,"column":null}},"7":{"start":{"line":9,"column":30},"end":{"line":9,"column":null}},"8":{"start":{"line":10,"column":28},"end":{"line":10,"column":null}},"9":{"start":{"line":11,"column":32},"end":{"line":11,"column":null}},"10":{"start":{"line":12,"column":30},"end":{"line":12,"column":null}},"11":{"start":{"line":13,"column":32},"end":{"line":13,"column":null}},"12":{"start":{"line":15,"column":22},"end":{"line":45,"column":null}},"13":{"start":{"line":16,"column":4},"end":{"line":16,"column":null}},"14":{"start":{"line":17,"column":4},"end":{"line":44,"column":null}},"15":{"start":{"line":18,"column":30},"end":{"line":19,"column":null}},"16":{"start":{"line":21,"column":6},"end":{"line":25,"column":null}},"17":{"start":{"line":22,"column":8},"end":{"line":22,"column":null}},"18":{"start":{"line":23,"column":8},"end":{"line":23,"column":null}},"19":{"start":{"line":24,"column":8},"end":{"line":24,"column":null}},"20":{"start":{"line":27,"column":24},"end":{"line":27,"column":51}},"21":{"start":{"line":28,"column":24},"end":{"line":28,"column":null}},"22":{"start":{"line":30,"column":6},"end":{"line":36,"column":null}},"23":{"start":{"line":31,"column":8},"end":{"line":31,"column":null}},"24":{"start":{"line":31,"column":26},"end":{"line":31,"column":null}},"25":{"start":{"line":32,"column":8},"end":{"line":32,"column":null}},"26":{"start":{"line":32,"column":26},"end":{"line":32,"column":49}},"27":{"start":{"line":34,"column":8},"end":{"line":34,"column":null}},"28":{"start":{"line":35,"column":8},"end":{"line":35,"column":null}},"29":{"start":{"line":38,"column":6},"end":{"line":38,"column":null}},"30":{"start":{"line":39,"column":6},"end":{"line":39,"column":null}},"31":{"start":{"line":41,"column":6},"end":{"line":41,"column":null}},"32":{"start":{"line":43,"column":6},"end":{"line":43,"column":null}},"33":{"start":{"line":47,"column":2},"end":{"line":50,"column":null}},"34":{"start":{"line":48,"column":4},"end":{"line":48,"column":null}},"35":{"start":{"line":58,"column":10},"end":{"line":58,"column":30}},"36":{"start":{"line":79,"column":29},"end":{"line":79,"column":null}},"37":{"start":{"line":96,"column":15},"end":{"line":96,"column":null}}},"fnMap":{"0":{"name":"(anonymous_4)","decl":{"start":{"line":8,"column":23},"end":{"line":8,"column":null}},"loc":{"start":{"line":8,"column":23},"end":{"line":94,"column":null}}},"1":{"name":"(anonymous_5)","decl":{"start":{"line":15,"column":22},"end":{"line":15,"column":29}},"loc":{"start":{"line":15,"column":53},"end":{"line":45,"column":null}}},"2":{"name":"(anonymous_6)","decl":{"start":{"line":31,"column":18},"end":{"line":31,"column":26}},"loc":{"start":{"line":31,"column":26},"end":{"line":31,"column":null}}},"3":{"name":"(anonymous_7)","decl":{"start":{"line":32,"column":18},"end":{"line":32,"column":26}},"loc":{"start":{"line":32,"column":26},"end":{"line":32,"column":49}}},"4":{"name":"(anonymous_8)","decl":{"start":{"line":47,"column":12},"end":{"line":47,"column":null}},"loc":{"start":{"line":47,"column":12},"end":{"line":50,"column":5}}},"5":{"name":"(anonymous_9)","decl":{"start":{"line":57,"column":21},"end":{"line":57,"column":22}},"loc":{"start":{"line":58,"column":10},"end":{"line":58,"column":30}}},"6":{"name":"(anonymous_10)","decl":{"start":{"line":79,"column":23},"end":{"line":79,"column":29}},"loc":{"start":{"line":79,"column":29},"end":{"line":79,"column":null}}}},"branchMap":{"0":{"loc":{"start":{"line":15,"column":29},"end":{"line":15,"column":53}},"type":"default-arg","locations":[{"start":{"line":15,"column":36},"end":{"line":15,"column":53}}]},"1":{"loc":{"start":{"line":19,"column":65},"end":{"line":19,"column":91}},"type":"cond-expr","locations":[{"start":{"line":19,"column":79},"end":{"line":19,"column":88}},{"start":{"line":19,"column":88},"end":{"line":19,"column":91}}]},"2":{"loc":{"start":{"line":21,"column":6},"end":{"line":25,"column":null}},"type":"if","locations":[{"start":{"line":21,"column":6},"end":{"line":25,"column":null}},{"start":{},"end":{}}]},"3":{"loc":{"start":{"line":27,"column":24},"end":{"line":27,"column":51}},"type":"binary-expr","locations":[{"start":{"line":27,"column":24},"end":{"line":27,"column":49}},{"start":{"line":27,"column":49},"end":{"line":27,"column":51}}]},"4":{"loc":{"start":{"line":28,"column":24},"end":{"line":28,"column":null}},"type":"binary-expr","locations":[{"start":{"line":28,"column":24},"end":{"line":28,"column":39}},{"start":{"line":28,"column":39},"end":{"line":28,"column":null}}]},"5":{"loc":{"start":{"line":30,"column":6},"end":{"line":36,"column":null}},"type":"if","locations":[{"start":{"line":30,"column":6},"end":{"line":36,"column":null}},{"start":{"line":33,"column":13},"end":{"line":36,"column":null}}]},"6":{"loc":{"start":{"line":60,"column":22},"end":{"line":60,"column":126}},"type":"cond-expr","locations":[{"start":{"line":60,"column":41},"end":{"line":60,"column":91}},{"start":{"line":60,"column":94},"end":{"line":60,"column":126}}]},"7":{"loc":{"start":{"line":65,"column":15},"end":{"line":65,"column":57}},"type":"binary-expr","locations":[{"start":{"line":65,"column":15},"end":{"line":65,"column":57}}]},"8":{"loc":{"start":{"line":70,"column":9},"end":{"line":70,"column":32}},"type":"binary-expr","locations":[{"start":{"line":70,"column":9},"end":{"line":70,"column":32}},{"start":{"line":70,"column":32},"end":{"line":70,"column":null}}]},"9":{"loc":{"start":{"line":74,"column":9},"end":{"line":74,"column":null}},"type":"binary-expr","locations":[{"start":{"line":74,"column":9},"end":{"line":74,"column":null}}]},"10":{"loc":{"start":{"line":81,"column":15},"end":{"line":81,"column":null}},"type":"cond-expr","locations":[{"start":{"line":81,"column":25},"end":{"line":81,"column":38}},{"start":{"line":81,"column":38},"end":{"line":81,"column":null}}]},"11":{"loc":{"start":{"line":86,"column":9},"end":{"line":86,"column":21}},"type":"binary-expr","locations":[{"start":{"line":86,"column":9},"end":{"line":86,"column":21}},{"start":{"line":86,"column":21},"end":{"line":86,"column":42}},{"start":{"line":86,"column":42},"end":{"line":86,"column":null}}]}},"s":{"0":4,"1":1,"2":1,"3":1,"4":1,"5":1,"6":1,"7":14,"8":14,"9":14,"10":14,"11":14,"12":14,"13":5,"14":5,"15":5,"16":5,"17":0,"18":0,"19":0,"20":5,"21":5,"22":5,"23":1,"24":1,"25":1,"26":1,"27":4,"28":4,"29":5,"30":5,"31":0,"32":5,"33":14,"34":4,"35":12,"36":1,"37":1},"f":{"0":14,"1":5,"2":1,"3":1,"4":4,"5":12,"6":1},"b":{"0":[0],"1":[1,4],"2":[0,5],"3":[5,0],"4":[5,0],"5":[1,4],"6":[12,0],"7":[12],"8":[14,9],"9":[14],"10":[1,3],"11":[14,10,1]}}
,"/Users/sdy069/Documents/Project/OneSky/frontend/src/pages/Landing.jsx": {"path":"/Users/sdy069/Documents/Project/OneSky/frontend/src/pages/Landing.jsx","statementMap":{"0":{"start":{"line":133,"column":0},"end":{"line":133,"column":15}},"1":{"start":{"line":1,"column":51},"end":{"line":1,"column":null}},"2":{"start":{"line":2,"column":7},"end":{"line":2,"column":null}},"3":{"start":{"line":3,"column":25},"end":{"line":3,"column":null}},"4":{"start":{"line":4,"column":19},"end":{"line":4,"column":null}},"5":{"start":{"line":5,"column":20},"end":{"line":5,"column":null}},"6":{"start":{"line":6,"column":24},"end":{"line":6,"column":null}},"7":{"start":{"line":7,"column":19},"end":{"line":7,"column":null}},"8":{"start":{"line":8,"column":21},"end":{"line":8,"column":null}},"9":{"start":{"line":9,"column":25},"end":{"line":9,"column":null}},"10":{"start":{"line":10,"column":19},"end":{"line":10,"column":null}},"11":{"start":{"line":11,"column":19},"end":{"line":11,"column":null}},"12":{"start":{"line":12,"column":17},"end":{"line":12,"column":null}},"13":{"start":{"line":16,"column":22},"end":{"line":16,"column":null}},"14":{"start":{"line":17,"column":38},"end":{"line":17,"column":null}},"15":{"start":{"line":19,"column":4},"end":{"line":38,"column":null}},"16":{"start":{"line":22,"column":12},"end":{"line":24,"column":null}},"17":{"start":{"line":23,"column":12},"end":{"line":23,"column":null}},"18":{"start":{"line":29,"column":8},"end":{"line":31,"column":null}},"19":{"start":{"line":30,"column":8},"end":{"line":30,"column":null}},"20":{"start":{"line":33,"column":8},"end":{"line":37,"column":null}},"21":{"start":{"line":34,"column":8},"end":{"line":36,"column":null}},"22":{"start":{"line":35,"column":12},"end":{"line":35,"column":null}},"23":{"start":{"line":91,"column":24},"end":{"line":91,"column":41}},"24":{"start":{"line":133,"column":15},"end":{"line":133,"column":null}}},"fnMap":{"0":{"name":"WelcomePage","decl":{"start":{"line":14,"column":9},"end":{"line":14,"column":null}},"loc":{"start":{"line":14,"column":9},"end":{"line":131,"column":null}}},"1":{"name":"(anonymous_6)","decl":{"start":{"line":19,"column":14},"end":{"line":19,"column":null}},"loc":{"start":{"line":19,"column":14},"end":{"line":38,"column":7}}},"2":{"name":"(anonymous_7)","decl":{"start":{"line":21,"column":8},"end":{"line":21,"column":9}},"loc":{"start":{"line":21,"column":9},"end":{"line":25,"column":null}}},"3":{"name":"(anonymous_8)","decl":{"start":{"line":33,"column":15},"end":{"line":33,"column":null}},"loc":{"start":{"line":33,"column":15},"end":{"line":37,"column":null}}},"4":{"name":"(anonymous_9)","decl":{"start":{"line":90,"column":26},"end":{"line":90,"column":27}},"loc":{"start":{"line":91,"column":24},"end":{"line":91,"column":41}}}},"branchMap":{"0":{"loc":{"start":{"line":22,"column":12},"end":{"line":24,"column":null}},"type":"if","locations":[{"start":{"line":22,"column":12},"end":{"line":24,"column":null}},{"start":{},"end":{}}]},"1":{"loc":{"start":{"line":29,"column":8},"end":{"line":31,"column":null}},"type":"if","locations":[{"start":{"line":29,"column":8},"end":{"line":31,"column":null}},{"start":{},"end":{}}]},"2":{"loc":{"start":{"line":34,"column":8},"end":{"line":36,"column":null}},"type":"if","locations":[{"start":{"line":34,"column":8},"end":{"line":36,"column":null}},{"start":{},"end":{}}]},"3":{"loc":{"start":{"line":91,"column":71},"end":{"line":91,"column":111}},"type":"cond-expr","locations":[{"start":{"line":91,"column":89},"end":{"line":91,"column":100}},{"start":{"line":91,"column":100},"end":{"line":91,"column":111}}]},"4":{"loc":{"start":{"line":118,"column":45},"end":{"line":118,"column":73}},"type":"cond-expr","locations":[{"start":{"line":118,"column":57},"end":{"line":118,"column":69}},{"start":{"line":118,"column":69},"end":{"line":118,"column":73}}]}},"s":{"0":2,"1":1,"2":1,"3":1,"4":1,"5":1,"6":1,"7":1,"8":1,"9":1,"10":1,"11":1,"12":1,"13":2,"14":2,"15":2,"16":0,"17":0,"18":2,"19":2,"20":2,"21":2,"22":0,"23":10,"24":1},"f":{"0":2,"1":2,"2":0,"3":2,"4":10},"b":{"0":[0,0],"1":[2,0],"2":[0,2],"3":[6,4],"4":[0,2]}}
,"/Users/sdy069/Documents/Project/OneSky/frontend/src/pages/Profile.jsx": {"path":"/Users/sdy069/Documents/Project/OneSky/frontend/src/pages/Profile.jsx","statementMap":{"0":{"start":{"line":322,"column":0},"end":{"line":322,"column":15}},"1":{"start":{"line":1,"column":43},"end":{"line":1,"column":null}},"2":{"start":{"line":2,"column":30},"end":{"line":2,"column":null}},"3":{"start":{"line":3,"column":7},"end":{"line":3,"column":null}},"4":{"start":{"line":5,"column":16},"end":{"line":320,"column":null}},"5":{"start":{"line":6,"column":34},"end":{"line":6,"column":null}},"6":{"start":{"line":7,"column":32},"end":{"line":7,"column":null}},"7":{"start":{"line":8,"column":28},"end":{"line":8,"column":null}},"8":{"start":{"line":9,"column":32},"end":{"line":9,"column":null}},"9":{"start":{"line":10,"column":40},"end":{"line":10,"column":null}},"10":{"start":{"line":11,"column":36},"end":{"line":11,"column":null}},"11":{"start":{"line":14,"column":40},"end":{"line":14,"column":null}},"12":{"start":{"line":15,"column":40},"end":{"line":15,"column":null}},"13":{"start":{"line":16,"column":48},"end":{"line":16,"column":null}},"14":{"start":{"line":17,"column":48},"end":{"line":17,"column":null}},"15":{"start":{"line":18,"column":56},"end":{"line":18,"column":null}},"16":{"start":{"line":19,"column":50},"end":{"line":19,"column":null}},"17":{"start":{"line":20,"column":46},"end":{"line":23,"column":null}},"18":{"start":{"line":25,"column":26},"end":{"line":25,"column":null}},"19":{"start":{"line":27,"column":26},"end":{"line":32,"column":null}},"20":{"start":{"line":28,"column":4},"end":{"line":28,"column":null}},"21":{"start":{"line":28,"column":18},"end":{"line":28,"column":null}},"22":{"start":{"line":29,"column":26},"end":{"line":29,"column":null}},"23":{"start":{"line":30,"column":17},"end":{"line":30,"column":null}},"24":{"start":{"line":31,"column":4},"end":{"line":31,"column":null}},"25":{"start":{"line":35,"column":24},"end":{"line":40,"column":null}},"26":{"start":{"line":36,"column":6},"end":{"line":36,"column":null}},"27":{"start":{"line":36,"column":35},"end":{"line":36,"column":null}},"28":{"start":{"line":37,"column":20},"end":{"line":37,"column":null}},"29":{"start":{"line":38,"column":19},"end":{"line":38,"column":null}},"30":{"start":{"line":39,"column":6},"end":{"line":39,"column":null}},"31":{"start":{"line":43,"column":23},"end":{"line":58,"column":null}},"32":{"start":{"line":44,"column":4},"end":{"line":44,"column":null}},"33":{"start":{"line":45,"column":4},"end":{"line":45,"column":null}},"34":{"start":{"line":46,"column":4},"end":{"line":57,"column":null}},"35":{"start":{"line":47,"column":30},"end":{"line":47,"column":null}},"36":{"start":{"line":48,"column":6},"end":{"line":52,"column":null}},"37":{"start":{"line":49,"column":8},"end":{"line":49,"column":null}},"38":{"start":{"line":51,"column":8},"end":{"line":51,"column":null}},"39":{"start":{"line":54,"column":6},"end":{"line":54,"column":null}},"40":{"start":{"line":56,"column":6},"end":{"line":56,"column":null}},"41":{"start":{"line":60,"column":2},"end":{"line":62,"column":null}},"42":{"start":{"line":61,"column":4},"end":{"line":61,"column":null}},"43":{"start":{"line":64,"column":23},"end":{"line":95,"column":null}},"44":{"start":{"line":65,"column":17},"end":{"line":65,"column":34}},"45":{"start":{"line":66,"column":26},"end":{"line":66,"column":null}},"46":{"start":{"line":67,"column":4},"end":{"line":67,"column":null}},"47":{"start":{"line":67,"column":15},"end":{"line":67,"column":null}},"48":{"start":{"line":68,"column":4},"end":{"line":71,"column":null}},"49":{"start":{"line":69,"column":6},"end":{"line":69,"column":null}},"50":{"start":{"line":70,"column":6},"end":{"line":70,"column":null}},"51":{"start":{"line":73,"column":4},"end":{"line":73,"column":null}},"52":{"start":{"line":74,"column":4},"end":{"line":74,"column":null}},"53":{"start":{"line":75,"column":4},"end":{"line":94,"column":null}},"54":{"start":{"line":76,"column":23},"end":{"line":76,"column":null}},"55":{"start":{"line":77,"column":6},"end":{"line":77,"column":null}},"56":{"start":{"line":79,"column":30},"end":{"line":82,"column":null}},"57":{"start":{"line":85,"column":6},"end":{"line":89,"column":null}},"58":{"start":{"line":86,"column":8},"end":{"line":86,"column":null}},"59":{"start":{"line":88,"column":8},"end":{"line":88,"column":null}},"60":{"start":{"line":91,"column":6},"end":{"line":91,"column":null}},"61":{"start":{"line":93,"column":6},"end":{"line":93,"column":null}},"62":{"start":{"line":97,"column":31},"end":{"line":138,"column":null}},"63":{"start":{"line":98,"column":4},"end":{"line":98,"column":null}},"64":{"start":{"line":99,"column":4},"end":{"line":99,"column":null}},"65":{"start":{"line":100,"column":4},"end":{"line":100,"column":null}},"66":{"start":{"line":103,"column":4},"end":{"line":106,"column":null}},"67":{"start":{"line":104,"column":6},"end":{"line":104,"column":null}},"68":{"start":{"line":105,"column":6},"end":{"line":105,"column":null}},"69":{"start":{"line":109,"column":4},"end":{"line":112,"column":null}},"70":{"start":{"line":110,"column":6},"end":{"line":110,"column":null}},"71":{"start":{"line":111,"column":6},"end":{"line":111,"column":null}},"72":{"start":{"line":114,"column":4},"end":{"line":114,"column":null}},"73":{"start":{"line":116,"column":4},"end":{"line":137,"column":null}},"74":{"start":{"line":117,"column":30},"end":{"line":121,"column":null}},"75":{"start":{"line":124,"column":6},"end":{"line":132,"column":null}},"76":{"start":{"line":125,"column":8},"end":{"line":125,"column":null}},"77":{"start":{"line":127,"column":8},"end":{"line":127,"column":null}},"78":{"start":{"line":128,"column":8},"end":{"line":128,"column":null}},"79":{"start":{"line":129,"column":8},"end":{"line":129,"column":null}},"80":{"start":{"line":130,"column":8},"end":{"line":130,"column":null}},"81":{"start":{"line":131,"column":8},"end":{"line":131,"column":null}},"82":{"start":{"line":134,"column":6},"end":{"line":134,"column":null}},"83":{"start":{"line":136,"column":6},"end":{"line":136,"column":null}},"84":{"start":{"line":141,"column":15},"end":{"line":141,"column":null}},"85":{"start":{"line":223,"column":39},"end":{"line":223,"column":null}},"86":{"start":{"line":235,"column":34},"end":{"line":235,"column":48}},"87":{"start":{"line":236,"column":22},"end":{"line":236,"column":null}},"88":{"start":{"line":239,"column":22},"end":{"line":246,"column":null}},"89":{"start":{"line":240,"column":24},"end":{"line":243,"column":null}},"90":{"start":{"line":240,"column":51},"end":{"line":243,"column":null}},"91":{"start":{"line":245,"column":24},"end":{"line":245,"column":null}},"92":{"start":{"line":245,"column":51},"end":{"line":245,"column":null}},"93":{"start":{"line":249,"column":22},"end":{"line":253,"column":null}},"94":{"start":{"line":250,"column":24},"end":{"line":250,"column":null}},"95":{"start":{"line":250,"column":51},"end":{"line":250,"column":null}},"96":{"start":{"line":252,"column":24},"end":{"line":252,"column":null}},"97":{"start":{"line":252,"column":51},"end":{"line":252,"column":null}},"98":{"start":{"line":264,"column":41},"end":{"line":264,"column":null}},"99":{"start":{"line":278,"column":34},"end":{"line":278,"column":48}},"100":{"start":{"line":279,"column":22},"end":{"line":279,"column":null}},"101":{"start":{"line":282,"column":22},"end":{"line":286,"column":null}},"102":{"start":{"line":283,"column":24},"end":{"line":283,"column":null}},"103":{"start":{"line":283,"column":51},"end":{"line":283,"column":null}},"104":{"start":{"line":285,"column":24},"end":{"line":285,"column":null}},"105":{"start":{"line":285,"column":51},"end":{"line":285,"column":null}},"106":{"start":{"line":298,"column":41},"end":{"line":298,"column":null}},"107":{"start":{"line":322,"column":15},"end":{"line":322,"column":null}}},"fnMap":{"0":{"name":"(anonymous_4)","decl":{"start":{"line":5,"column":16},"end":{"line":5,"column":null}},"loc":{"start":{"line":5,"column":16},"end":{"line":320,"column":null}}},"1":{"name":"(anonymous_5)","decl":{"start":{"line":27,"column":26},"end":{"line":27,"column":27}},"loc":{"start":{"line":27,"column":27},"end":{"line":32,"column":null}}},"2":{"name":"(anonymous_6)","decl":{"start":{"line":35,"column":24},"end":{"line":35,"column":25}},"loc":{"start":{"line":35,"column":36},"end":{"line":40,"column":null}}},"3":{"name":"(anonymous_7)","decl":{"start":{"line":43,"column":23},"end":{"line":43,"column":null}},"loc":{"start":{"line":43,"column":23},"end":{"line":58,"column":null}}},"4":{"name":"(anonymous_8)","decl":{"start":{"line":60,"column":12},"end":{"line":60,"column":null}},"loc":{"start":{"line":60,"column":12},"end":{"line":62,"column":5}}},"5":{"name":"(anonymous_9)","decl":{"start":{"line":64,"column":23},"end":{"line":64,"column":30}},"loc":{"start":{"line":64,"column":30},"end":{"line":95,"column":null}}},"6":{"name":"(anonymous_10)","decl":{"start":{"line":97,"column":31},"end":{"line":97,"column":38}},"loc":{"start":{"line":97,"column":38},"end":{"line":138,"column":null}}},"7":{"name":"(anonymous_11)","decl":{"start":{"line":223,"column":32},"end":{"line":223,"column":33}},"loc":{"start":{"line":223,"column":39},"end":{"line":223,"column":null}}},"8":{"name":"(anonymous_12)","decl":{"start":{"line":234,"column":30},"end":{"line":234,"column":31}},"loc":{"start":{"line":234,"column":31},"end":{"line":254,"column":null}}},"9":{"name":"(anonymous_13)","decl":{"start":{"line":240,"column":42},"end":{"line":240,"column":51}},"loc":{"start":{"line":240,"column":51},"end":{"line":243,"column":null}}},"10":{"name":"(anonymous_14)","decl":{"start":{"line":245,"column":42},"end":{"line":245,"column":51}},"loc":{"start":{"line":245,"column":51},"end":{"line":245,"column":null}}},"11":{"name":"(anonymous_15)","decl":{"start":{"line":250,"column":42},"end":{"line":250,"column":51}},"loc":{"start":{"line":250,"column":51},"end":{"line":250,"column":null}}},"12":{"name":"(anonymous_16)","decl":{"start":{"line":252,"column":42},"end":{"line":252,"column":51}},"loc":{"start":{"line":252,"column":51},"end":{"line":252,"column":null}}},"13":{"name":"(anonymous_17)","decl":{"start":{"line":264,"column":34},"end":{"line":264,"column":35}},"loc":{"start":{"line":264,"column":41},"end":{"line":264,"column":null}}},"14":{"name":"(anonymous_18)","decl":{"start":{"line":277,"column":30},"end":{"line":277,"column":31}},"loc":{"start":{"line":277,"column":31},"end":{"line":287,"column":null}}},"15":{"name":"(anonymous_19)","decl":{"start":{"line":283,"column":42},"end":{"line":283,"column":51}},"loc":{"start":{"line":283,"column":51},"end":{"line":283,"column":null}}},"16":{"name":"(anonymous_20)","decl":{"start":{"line":285,"column":42},"end":{"line":285,"column":51}},"loc":{"start":{"line":285,"column":51},"end":{"line":285,"column":null}}},"17":{"name":"(anonymous_21)","decl":{"start":{"line":298,"column":34},"end":{"line":298,"column":35}},"loc":{"start":{"line":298,"column":41},"end":{"line":298,"column":null}}}},"branchMap":{"0":{"loc":{"start":{"line":28,"column":4},"end":{"line":28,"column":null}},"type":"if","locations":[{"start":{"line":28,"column":4},"end":{"line":28,"column":null}},{"start":{},"end":{}}]},"1":{"loc":{"start":{"line":36,"column":6},"end":{"line":36,"column":null}},"type":"if","locations":[{"start":{"line":36,"column":6},"end":{"line":36,"column":null}},{"start":{},"end":{}}]},"2":{"loc":{"start":{"line":36,"column":10},"end":{"line":36,"column":35}},"type":"binary-expr","locations":[{"start":{"line":36,"column":10},"end":{"line":36,"column":24}},{"start":{"line":36,"column":24},"end":{"line":36,"column":35}}]},"3":{"loc":{"start":{"line":37,"column":20},"end":{"line":37,"column":null}},"type":"cond-expr","locations":[{"start":{"line":37,"column":32},"end":{"line":37,"column":61}},{"start":{"line":37,"column":61},"end":{"line":37,"column":null}}]},"4":{"loc":{"start":{"line":38,"column":19},"end":{"line":38,"column":null}},"type":"cond-expr","locations":[{"start":{"line":38,"column":30},"end":{"line":38,"column":58}},{"start":{"line":38,"column":58},"end":{"line":38,"column":null}}]},"5":{"loc":{"start":{"line":48,"column":6},"end":{"line":52,"column":null}},"type":"if","locations":[{"start":{"line":48,"column":6},"end":{"line":52,"column":null}},{"start":{"line":50,"column":13},"end":{"line":52,"column":null}}]},"6":{"loc":{"start":{"line":49,"column":17},"end":{"line":49,"column":null}},"type":"binary-expr","locations":[{"start":{"line":49,"column":17},"end":{"line":49,"column":30}},{"start":{"line":49,"column":34},"end":{"line":49,"column":null}}]},"7":{"loc":{"start":{"line":51,"column":20},"end":{"line":51,"column":null}},"type":"binary-expr","locations":[{"start":{"line":51,"column":20},"end":{"line":51,"column":28}},{"start":{"line":51,"column":28},"end":{"line":51,"column":null}}]},"8":{"loc":{"start":{"line":67,"column":4},"end":{"line":67,"column":null}},"type":"if","locations":[{"start":{"line":67,"column":4},"end":{"line":67,"column":null}},{"start":{},"end":{}}]},"9":{"loc":{"start":{"line":68,"column":4},"end":{"line":71,"column":null}},"type":"if","locations":[{"start":{"line":68,"column":4},"end":{"line":71,"column":null}},{"start":{},"end":{}}]},"10":{"loc":{"start":{"line":85,"column":6},"end":{"line":89,"column":null}},"type":"if","locations":[{"start":{"line":85,"column":6},"end":{"line":89,"column":null}},{"start":{"line":87,"column":13},"end":{"line":89,"column":null}}]},"11":{"loc":{"start":{"line":86,"column":17},"end":{"line":86,"column":null}},"type":"binary-expr","locations":[{"start":{"line":86,"column":17},"end":{"line":86,"column":30}},{"start":{"line":86,"column":34},"end":{"line":86,"column":null}}]},"12":{"loc":{"start":{"line":103,"column":4},"end":{"line":106,"column":null}},"type":"if","locations":[{"start":{"line":103,"column":4},"end":{"line":106,"column":null}},{"start":{},"end":{}}]},"13":{"loc":{"start":{"line":103,"column":8},"end":{"line":103,"column":58}},"type":"binary-expr","locations":[{"start":{"line":103,"column":8},"end":{"line":103,"column":24}},{"start":{"line":103,"column":24},"end":{"line":103,"column":40}},{"start":{"line":103,"column":40},"end":{"line":103,"column":58}}]},"14":{"loc":{"start":{"line":109,"column":4},"end":{"line":112,"column":null}},"type":"if","locations":[{"start":{"line":109,"column":4},"end":{"line":112,"column":null}},{"start":{},"end":{}}]},"15":{"loc":{"start":{"line":109,"column":8},"end":{"line":109,"column":68}},"type":"binary-expr","locations":[{"start":{"line":109,"column":8},"end":{"line":109,"column":34}},{"start":{"line":109,"column":38},"end":{"line":109,"column":68}}]},"16":{"loc":{"start":{"line":124,"column":6},"end":{"line":132,"column":null}},"type":"if","locations":[{"start":{"line":124,"column":6},"end":{"line":132,"column":null}},{"start":{"line":126,"column":13},"end":{"line":132,"column":null}}]},"17":{"loc":{"start":{"line":125,"column":23},"end":{"line":125,"column":null}},"type":"binary-expr","locations":[{"start":{"line":125,"column":23},"end":{"line":125,"column":36}},{"start":{"line":125,"column":40},"end":{"line":125,"column":null}}]},"18":{"loc":{"start":{"line":141,"column":15},"end":{"line":141,"column":null}},"type":"binary-expr","locations":[{"start":{"line":141,"column":15},"end":{"line":141,"column":28}},{"start":{"line":141,"column":32},"end":{"line":141,"column":null}}]},"19":{"loc":{"start":{"line":149,"column":11},"end":{"line":149,"column":null}},"type":"binary-expr","locations":[{"start":{"line":149,"column":11},"end":{"line":149,"column":null}}]},"20":{"loc":{"start":{"line":155,"column":11},"end":{"line":155,"column":20}},"type":"binary-expr","locations":[{"start":{"line":155,"column":11},"end":{"line":155,"column":20}},{"start":{"line":155,"column":20},"end":{"line":155,"column":null}}]},"21":{"loc":{"start":{"line":161,"column":11},"end":{"line":161,"column":null}},"type":"binary-expr","locations":[{"start":{"line":161,"column":11},"end":{"line":161,"column":null}}]},"22":{"loc":{"start":{"line":164,"column":14},"end":{"line":170,"column":15}},"type":"cond-expr","locations":[{"start":{"line":164,"column":14},"end":{"line":170,"column":15}}]},"23":{"loc":{"start":{"line":163,"column":13},"end":{"line":163,"column":null}},"type":"binary-expr","locations":[{"start":{"line":163,"column":13},"end":{"line":163,"column":31}},{"start":{"line":163,"column":35},"end":{"line":163,"column":null}}]},"24":{"loc":{"start":{"line":166,"column":24},"end":{"line":166,"column":45}},"type":"binary-expr","locations":[{"start":{"line":166,"column":24},"end":{"line":166,"column":38}},{"start":{"line":166,"column":42},"end":{"line":166,"column":45}}]},"25":{"loc":{"start":{"line":166,"column":48},"end":{"line":166,"column":69}},"type":"binary-expr","locations":[{"start":{"line":166,"column":48},"end":{"line":166,"column":61}},{"start":{"line":166,"column":65},"end":{"line":166,"column":69}}]},"26":{"loc":{"start":{"line":176,"column":48},"end":{"line":176,"column":77}},"type":"cond-expr","locations":[{"start":{"line":176,"column":60},"end":{"line":176,"column":73}},{"start":{"line":176,"column":73},"end":{"line":176,"column":77}}]},"27":{"loc":{"start":{"line":177,"column":19},"end":{"line":177,"column":null}},"type":"cond-expr","locations":[{"start":{"line":177,"column":31},"end":{"line":177,"column":48}},{"start":{"line":177,"column":48},"end":{"line":177,"column":null}}]},"28":{"loc":{"start":{"line":191,"column":50},"end":{"line":191,"column":null}},"type":"binary-expr","locations":[{"start":{"line":191,"column":50},"end":{"line":191,"column":64}},{"start":{"line":191,"column":68},"end":{"line":191,"column":null}}]},"29":{"loc":{"start":{"line":195,"column":50},"end":{"line":195,"column":null}},"type":"binary-expr","locations":[{"start":{"line":195,"column":50},"end":{"line":195,"column":63}},{"start":{"line":195,"column":67},"end":{"line":195,"column":null}}]},"30":{"loc":{"start":{"line":199,"column":50},"end":{"line":199,"column":null}},"type":"binary-expr","locations":[{"start":{"line":199,"column":50},"end":{"line":199,"column":60}},{"start":{"line":199,"column":64},"end":{"line":199,"column":null}}]},"31":{"loc":{"start":{"line":212,"column":17},"end":{"line":212,"column":28}},"type":"binary-expr","locations":[{"start":{"line":212,"column":17},"end":{"line":212,"column":28}}]},"32":{"loc":{"start":{"line":213,"column":17},"end":{"line":213,"column":32}},"type":"binary-expr","locations":[{"start":{"line":213,"column":17},"end":{"line":213,"column":32}}]},"33":{"loc":{"start":{"line":230,"column":26},"end":{"line":230,"column":null}},"type":"cond-expr","locations":[{"start":{"line":230,"column":44},"end":{"line":230,"column":53}},{"start":{"line":230,"column":53},"end":{"line":230,"column":null}}]},"34":{"loc":{"start":{"line":239,"column":22},"end":{"line":246,"column":null}},"type":"if","locations":[{"start":{"line":239,"column":22},"end":{"line":246,"column":null}},{"start":{"line":244,"column":29},"end":{"line":246,"column":null}}]},"35":{"loc":{"start":{"line":249,"column":22},"end":{"line":253,"column":null}},"type":"if","locations":[{"start":{"line":249,"column":22},"end":{"line":253,"column":null}},{"start":{"line":251,"column":29},"end":{"line":253,"column":null}}]},"36":{"loc":{"start":{"line":249,"column":26},"end":{"line":249,"column":70}},"type":"binary-expr","locations":[{"start":{"line":249,"column":26},"end":{"line":249,"column":45}},{"start":{"line":249,"column":45},"end":{"line":249,"column":70}}]},"37":{"loc":{"start":{"line":257,"column":19},"end":{"line":257,"column":45}},"type":"binary-expr","locations":[{"start":{"line":257,"column":19},"end":{"line":257,"column":45}}]},"38":{"loc":{"start":{"line":273,"column":26},"end":{"line":273,"column":null}},"type":"cond-expr","locations":[{"start":{"line":273,"column":48},"end":{"line":273,"column":57}},{"start":{"line":273,"column":57},"end":{"line":273,"column":null}}]},"39":{"loc":{"start":{"line":282,"column":22},"end":{"line":286,"column":null}},"type":"if","locations":[{"start":{"line":282,"column":22},"end":{"line":286,"column":null}},{"start":{"line":284,"column":29},"end":{"line":286,"column":null}}]},"40":{"loc":{"start":{"line":290,"column":19},"end":{"line":290,"column":49}},"type":"binary-expr","locations":[{"start":{"line":290,"column":19},"end":{"line":290,"column":49}}]},"41":{"loc":{"start":{"line":308,"column":30},"end":{"line":308,"column":110}},"type":"binary-expr","locations":[{"start":{"line":308,"column":30},"end":{"line":308,"column":50}},{"start":{"line":308,"column":50},"end":{"line":308,"column":76}},{"start":{"line":308,"column":80},"end":{"line":308,"column":110}}]},"42":{"loc":{"start":{"line":310,"column":21},"end":{"line":310,"column":null}},"type":"cond-expr","locations":[{"start":{"line":310,"column":40},"end":{"line":310,"column":56}},{"start":{"line":310,"column":56},"end":{"line":310,"column":null}}]}},"s":{"0":5,"1":1,"2":1,"3":1,"4":1,"5":24,"6":24,"7":24,"8":24,"9":24,"10":24,"11":24,"12":24,"13":24,"14":24,"15":24,"16":24,"17":24,"18":24,"19":24,"20":19,"21":5,"22":14,"23":14,"24":14,"25":24,"26":5,"27":5,"28":0,"29":0,"30":0,"31":24,"32":5,"33":5,"34":5,"35":5,"36":5,"37":0,"38":5,"39":0,"40":5,"41":24,"42":5,"43":24,"44":1,"45":1,"46":1,"47":0,"48":1,"49":0,"50":0,"51":1,"52":1,"53":1,"54":1,"55":1,"56":1,"57":0,"58":0,"59":0,"60":1,"61":1,"62":24,"63":1,"64":1,"65":1,"66":1,"67":0,"68":0,"69":1,"70":0,"71":0,"72":1,"73":1,"74":1,"75":1,"76":0,"77":1,"78":1,"79":1,"80":1,"81":1,"82":0,"83":1,"84":24,"85":1,"86":3,"87":3,"88":3,"89":1,"90":1,"91":2,"92":2,"93":3,"94":0,"95":0,"96":3,"97":3,"98":0,"99":2,"100":2,"101":2,"102":1,"103":1,"104":1,"105":1,"106":0,"107":1},"f":{"0":24,"1":19,"2":5,"3":5,"4":5,"5":1,"6":1,"7":1,"8":3,"9":1,"10":2,"11":0,"12":3,"13":0,"14":2,"15":1,"16":1,"17":0},"b":{"0":[5,14],"1":[5,0],"2":[5,5],"3":[0,0],"4":[0,0],"5":[0,5],"6":[0,0],"7":[5,0],"8":[0,1],"9":[0,1],"10":[0,0],"11":[0,0],"12":[0,1],"13":[1,1,1],"14":[0,1],"15":[1,1],"16":[0,1],"17":[0,0],"18":[24,10],"19":[24],"20":[24,0],"21":[24],"22":[14],"23":[19,14],"24":[14,0],"25":[14,0],"26":[1,18],"27":[1,18],"28":[19,5],"29":[19,5],"30":[19,5],"31":[19],"32":[19],"33":[0,19],"34":[1,2],"35":[0,3],"36":[3,0],"37":[19],"38":[0,19],"39":[1,1],"40":[19],"41":[19,18,17],"42":[1,18]}}
,"/Users/sdy069/Documents/Project/OneSky/frontend/src/utils/format.jsx": {"path":"/Users/sdy069/Documents/Project/OneSky/frontend/src/utils/format.jsx","statementMap":{"0":{"start":{"line":48,"column":13},"end":{"line":48,"column":25}},"1":{"start":{"line":48,"column":25},"end":{"line":48,"column":37}},"2":{"start":{"line":48,"column":37},"end":{"line":48,"column":null}},"3":{"start":{"line":2,"column":17},"end":{"line":2,"column":null}},"4":{"start":{"line":4,"column":19},"end":{"line":7,"column":null}},"5":{"start":{"line":9,"column":16},"end":{"line":9,"column":null}},"6":{"start":{"line":10,"column":18},"end":{"line":10,"column":41}},"7":{"start":{"line":11,"column":17},"end":{"line":11,"column":null}},"8":{"start":{"line":13,"column":23},"end":{"line":17,"column":null}},"9":{"start":{"line":14,"column":16},"end":{"line":14,"column":null}},"10":{"start":{"line":15,"column":16},"end":{"line":15,"column":null}},"11":{"start":{"line":16,"column":6},"end":{"line":16,"column":null}},"12":{"start":{"line":19,"column":4},"end":{"line":19,"column":null}},"13":{"start":{"line":23,"column":29},"end":{"line":36,"column":null}},"14":{"start":{"line":38,"column":17},"end":{"line":38,"column":null}},"15":{"start":{"line":40,"column":4},"end":{"line":40,"column":null}},"16":{"start":{"line":45,"column":4},"end":{"line":45,"column":null}}},"fnMap":{"0":{"name":"formatDate","decl":{"start":{"line":1,"column":9},"end":{"line":1,"column":20}},"loc":{"start":{"line":1,"column":30},"end":{"line":20,"column":null}}},"1":{"name":"(anonymous_5)","decl":{"start":{"line":13,"column":23},"end":{"line":13,"column":24}},"loc":{"start":{"line":13,"column":24},"end":{"line":17,"column":null}}},"2":{"name":"timeUnicode","decl":{"start":{"line":22,"column":11},"end":{"line":22,"column":23}},"loc":{"start":{"line":22,"column":27},"end":{"line":42,"column":null}}},"3":{"name":"formatTime","decl":{"start":{"line":44,"column":11},"end":{"line":44,"column":22}},"loc":{"start":{"line":44,"column":26},"end":{"line":46,"column":null}}}},"branchMap":{"0":{"loc":{"start":{"line":16,"column":13},"end":{"line":16,"column":45}},"type":"binary-expr","locations":[{"start":{"line":16,"column":13},"end":{"line":16,"column":29}},{"start":{"line":16,"column":33},"end":{"line":16,"column":37}},{"start":{"line":16,"column":41},"end":{"line":16,"column":45}}]},"1":{"loc":{"start":{"line":45,"column":11},"end":{"line":45,"column":null}},"type":"cond-expr","locations":[{"start":{"line":45,"column":30},"end":{"line":45,"column":49}},{"start":{"line":45,"column":49},"end":{"line":45,"column":null}}]}},"s":{"0":12,"1":12,"2":0,"3":12,"4":12,"5":12,"6":12,"7":12,"8":12,"9":12,"10":12,"11":12,"12":12,"13":0,"14":0,"15":0,"16":12},"f":{"0":12,"1":12,"2":0,"3":12},"b":{"0":[12,12,12],"1":[0,12]}}
}
