TN:
SF:src/components/EventTeamsPopup.jsx
FN:6,(anonymous_5)
FN:12,(anonymous_6)
FN:27,(anonymous_7)
FN:32,(anonymous_8)
FN:36,(anonymous_9)
FN:42,(anonymous_10)
FN:65,(anonymous_12)
FN:74,(anonymous_13)
FN:90,(anonymous_14)
FN:97,(anonymous_15)
FNF:10
FNH:8
FNDA:21,(anonymous_5)
FNDA:6,(anonymous_6)
FNDA:2,(anonymous_7)
FNDA:4,(anonymous_8)
FNDA:0,(anonymous_9)
FNDA:1,(anonymous_10)
FNDA:21,(anonymous_12)
FNDA:4,(anonymous_13)
FNDA:1,(anonymous_14)
FNDA:0,(anonymous_15)
DA:1,1
DA:2,1
DA:3,1
DA:4,1
DA:6,1
DA:7,21
DA:8,21
DA:9,21
DA:10,21
DA:12,21
DA:13,6
DA:14,6
DA:15,6
DA:16,6
DA:17,6
DA:18,6
DA:19,5
DA:21,1
DA:23,6
DA:27,21
DA:28,2
DA:29,2
DA:32,21
DA:33,4
DA:34,3
DA:35,3
DA:36,0
DA:38,3
DA:42,21
DA:43,1
DA:44,1
DA:45,1
DA:66,21
DA:67,21
DA:68,21
DA:74,4
DA:90,1
DA:98,0
DA:99,0
DA:112,6
LF:40
LH:37
BRDA:18,0,0,1
BRDA:18,0,1,5
BRDA:18,1,0,1
BRDA:18,1,1,0
BRDA:29,2,0,0
BRDA:29,2,1,2
BRDA:33,3,0,1
BRDA:33,3,1,3
BRDA:35,4,0,0
BRDA:35,4,1,3
BRDA:60,5,0,21
BRDA:62,6,0,6
BRDA:64,7,0,7
BRDA:63,8,0,15
BRDA:63,8,1,15
BRDA:72,9,0,4
BRDA:72,9,1,17
BRDA:73,10,0,7
BRDA:73,10,1,14
BRDA:77,11,0,21
BRF:20
BRH:17
end_of_record
TN:
SF:src/components/Leaderboard.jsx
FN:5,(anonymous_4)
FN:14,(anonymous_5)
FN:20,(anonymous_6)
FN:33,(anonymous_7)
FN:38,(anonymous_8)
FN:43,(anonymous_9)
FN:48,(anonymous_10)
FN:56,(anonymous_11)
FN:57,(anonymous_12)
FN:70,(anonymous_13)
FN:93,(anonymous_14)
FNF:11
FNH:11
FNDA:15,(anonymous_4)
FNDA:8,(anonymous_5)
FNDA:6,(anonymous_6)
FNDA:6,(anonymous_7)
FNDA:6,(anonymous_8)
FNDA:3,(anonymous_9)
FNDA:1,(anonymous_10)
FNDA:2,(anonymous_11)
FNDA:1,(anonymous_12)
FNDA:8,(anonymous_13)
FNDA:3,(anonymous_14)
DA:1,1
DA:2,1
DA:3,1
DA:5,1
DA:6,15
DA:7,15
DA:8,15
DA:9,15
DA:10,15
DA:11,15
DA:14,15
DA:15,8
DA:16,8
DA:17,8
DA:20,15
DA:21,6
DA:22,6
DA:24,6
DA:25,6
DA:26,1
DA:28,5
DA:30,6
DA:33,15
DA:34,6
DA:35,6
DA:38,15
DA:39,6
DA:40,6
DA:43,15
DA:45,3
DA:46,2
DA:47,2
DA:48,1
DA:50,1
DA:51,1
DA:56,2
DA:57,2
DA:71,8
DA:93,3
DA:116,6
LF:40
LH:40
BRDA:15,0,0,8
BRDA:15,0,1,0
BRDA:16,1,0,8
BRDA:16,1,1,0
BRDA:17,2,0,8
BRDA:17,2,1,0
BRDA:25,3,0,1
BRDA:25,3,1,5
BRDA:26,4,0,1
BRDA:26,4,1,0
BRDA:28,5,0,5
BRDA:28,5,1,0
BRDA:35,6,0,6
BRDA:35,6,1,0
BRDA:45,7,0,2
BRDA:45,7,1,1
BRDA:47,8,0,1
BRDA:47,8,1,1
BRDA:50,9,0,1
BRDA:50,9,1,0
BRDA:57,10,0,1
BRDA:57,10,1,1
BRDA:65,11,0,15
BRDA:66,12,0,15
BRDA:66,12,1,9
BRDA:67,13,0,15
BRDA:67,13,1,9
BRDA:67,13,2,7
BRDA:70,14,0,15
BRDA:70,14,1,9
BRDA:70,14,2,7
BRDA:75,15,0,0
BRDA:74,16,0,8
BRDA:74,16,1,0
BRDA:94,17,0,1
BRDA:94,17,1,7
BRDA:98,18,0,8
BRDA:98,18,1,1
BRDA:111,19,0,15
BRF:39
BRH:30
end_of_record
TN:
SF:src/components/TeamCard.jsx
FN:14,TeamCard
FN:22,resetStates
FN:28,(anonymous_7)
FN:35,(anonymous_8)
FN:57,(anonymous_9)
FN:70,(anonymous_10)
FN:85,(anonymous_11)
FN:129,(anonymous_13)
FN:180,(anonymous_15)
FN:181,(anonymous_16)
FN:184,(anonymous_17)
FNF:11
FNH:5
FNDA:14,TeamCard
FNDA:2,resetStates
FNDA:0,(anonymous_7)
FNDA:3,(anonymous_8)
FNDA:0,(anonymous_9)
FNDA:0,(anonymous_10)
FNDA:0,(anonymous_11)
FNDA:0,(anonymous_13)
FNDA:2,(anonymous_15)
FNDA:0,(anonymous_16)
FNDA:3,(anonymous_17)
DA:1,1
DA:2,1
DA:3,1
DA:4,1
DA:5,1
DA:6,1
DA:14,10
DA:15,14
DA:16,14
DA:17,14
DA:18,14
DA:19,14
DA:20,14
DA:23,2
DA:24,2
DA:28,14
DA:29,0
DA:30,0
DA:31,0
DA:32,0
DA:35,14
DA:36,3
DA:37,1
DA:38,1
DA:40,2
DA:41,2
DA:42,2
DA:43,1
DA:44,1
DA:47,1
DA:48,1
DA:49,1
DA:53,0
DA:57,14
DA:58,0
DA:59,0
DA:60,0
DA:61,0
DA:63,0
DA:66,0
DA:70,14
DA:71,0
DA:72,0
DA:73,0
DA:74,0
DA:75,0
DA:77,0
DA:78,0
DA:81,0
DA:85,14
DA:86,0
DA:87,0
DA:88,0
DA:89,0
DA:90,0
DA:91,0
DA:93,0
DA:95,0
DA:130,0
DA:180,2
DA:181,0
DA:184,3
LF:62
LH:33
BRDA:14,0,0,12
BRDA:14,1,0,13
BRDA:14,2,0,13
BRDA:14,3,0,14
BRDA:29,4,0,0
BRDA:29,4,1,0
BRDA:29,5,0,0
BRDA:29,5,1,0
BRDA:30,6,0,0
BRDA:30,6,1,0
BRDA:31,7,0,0
BRDA:31,7,1,0
BRDA:36,8,0,1
BRDA:36,8,1,2
BRDA:42,9,0,1
BRDA:42,9,1,1
BRDA:48,10,0,0
BRDA:48,10,1,1
BRDA:49,11,0,1
BRDA:49,11,1,0
BRDA:60,12,0,0
BRDA:60,12,1,0
BRDA:61,13,0,0
BRDA:61,13,1,0
BRDA:63,14,0,0
BRDA:63,14,1,0
BRDA:66,15,0,0
BRDA:66,15,1,0
BRDA:73,16,0,0
BRDA:73,16,1,0
BRDA:74,17,0,0
BRDA:74,17,1,0
BRDA:78,18,0,0
BRDA:78,18,1,0
BRDA:81,19,0,0
BRDA:81,19,1,0
BRDA:90,20,0,0
BRDA:90,20,1,0
BRDA:90,21,0,0
BRDA:90,21,1,0
BRDA:91,22,0,0
BRDA:91,22,1,0
BRDA:93,23,0,0
BRDA:93,23,1,0
BRDA:103,24,0,14
BRDA:104,25,0,0
BRDA:104,25,1,0
BRDA:106,26,0,14
BRDA:106,26,1,0
BRDA:107,27,0,14
BRDA:108,28,0,14
BRDA:109,29,0,14
BRDA:109,29,1,0
BRDA:109,29,2,14
BRDA:110,30,0,1
BRDA:110,30,1,0
BRDA:125,31,0,14
BRDA:126,32,0,14
BRDA:127,33,0,14
BRDA:127,33,1,14
BRDA:132,34,0,0
BRDA:131,35,0,0
BRDA:131,35,1,0
BRDA:144,36,0,0
BRDA:162,37,0,1
BRDA:162,37,1,13
BRDA:163,38,0,1
BRDA:163,38,1,13
BRDA:163,39,0,14
BRDA:163,39,1,13
BRDA:165,40,0,14
BRDA:174,41,0,16
BRDA:181,42,0,0
BRDA:181,42,1,0
BRF:74
BRH:29
end_of_record
TN:
SF:src/components/UpcomingEvents.jsx
FN:8,(anonymous_4)
FN:15,(anonymous_5)
FN:31,(anonymous_6)
FN:32,(anonymous_7)
FN:47,(anonymous_8)
FN:57,(anonymous_9)
FN:79,(anonymous_10)
FNF:7
FNH:7
FNDA:14,(anonymous_4)
FNDA:5,(anonymous_5)
FNDA:1,(anonymous_6)
FNDA:1,(anonymous_7)
FNDA:4,(anonymous_8)
FNDA:12,(anonymous_9)
FNDA:1,(anonymous_10)
DA:1,1
DA:2,1
DA:3,1
DA:4,1
DA:6,1
DA:8,1
DA:9,14
DA:10,14
DA:11,14
DA:12,14
DA:13,14
DA:15,14
DA:16,5
DA:17,5
DA:18,5
DA:21,5
DA:22,0
DA:23,0
DA:24,0
DA:27,5
DA:28,5
DA:30,5
DA:31,1
DA:32,1
DA:34,4
DA:35,4
DA:38,5
DA:39,5
DA:41,0
DA:43,5
DA:47,14
DA:48,4
DA:58,12
DA:79,1
DA:96,4
LF:35
LH:31
BRDA:15,0,0,0
BRDA:19,1,0,1
BRDA:19,1,1,4
BRDA:21,2,0,0
BRDA:21,2,1,5
BRDA:27,3,0,5
BRDA:27,3,1,0
BRDA:28,4,0,5
BRDA:28,4,1,0
BRDA:30,5,0,1
BRDA:30,5,1,4
BRDA:60,6,0,12
BRDA:60,6,1,0
BRDA:65,7,0,12
BRDA:70,8,0,14
BRDA:70,8,1,9
BRDA:74,9,0,14
BRDA:81,10,0,1
BRDA:81,10,1,3
BRDA:86,11,0,14
BRDA:86,11,1,10
BRDA:86,11,2,1
BRF:22
BRH:17
end_of_record
TN:
SF:src/pages/Landing.jsx
FN:14,WelcomePage
FN:19,(anonymous_6)
FN:21,(anonymous_7)
FN:33,(anonymous_8)
FN:90,(anonymous_9)
FNF:5
FNH:4
FNDA:2,WelcomePage
FNDA:2,(anonymous_6)
FNDA:0,(anonymous_7)
FNDA:2,(anonymous_8)
FNDA:10,(anonymous_9)
DA:1,1
DA:2,1
DA:3,1
DA:4,1
DA:5,1
DA:6,1
DA:7,1
DA:8,1
DA:9,1
DA:10,1
DA:11,1
DA:12,1
DA:16,2
DA:17,2
DA:19,2
DA:22,0
DA:23,0
DA:29,2
DA:30,2
DA:33,2
DA:34,2
DA:35,0
DA:91,10
DA:133,2
LF:24
LH:21
BRDA:22,0,0,0
BRDA:22,0,1,0
BRDA:29,1,0,2
BRDA:29,1,1,0
BRDA:34,2,0,0
BRDA:34,2,1,2
BRDA:91,3,0,6
BRDA:91,3,1,4
BRDA:118,4,0,0
BRDA:118,4,1,2
BRF:10
BRH:5
end_of_record
TN:
SF:src/pages/Profile.jsx
FN:5,(anonymous_4)
FN:27,(anonymous_5)
FN:35,(anonymous_6)
FN:43,(anonymous_7)
FN:60,(anonymous_8)
FN:64,(anonymous_9)
FN:97,(anonymous_10)
FN:223,(anonymous_11)
FN:234,(anonymous_12)
FN:240,(anonymous_13)
FN:245,(anonymous_14)
FN:250,(anonymous_15)
FN:252,(anonymous_16)
FN:264,(anonymous_17)
FN:277,(anonymous_18)
FN:283,(anonymous_19)
FN:285,(anonymous_20)
FN:298,(anonymous_21)
FNF:18
FNH:15
FNDA:24,(anonymous_4)
FNDA:19,(anonymous_5)
FNDA:5,(anonymous_6)
FNDA:5,(anonymous_7)
FNDA:5,(anonymous_8)
FNDA:1,(anonymous_9)
FNDA:1,(anonymous_10)
FNDA:1,(anonymous_11)
FNDA:3,(anonymous_12)
FNDA:1,(anonymous_13)
FNDA:2,(anonymous_14)
FNDA:0,(anonymous_15)
FNDA:3,(anonymous_16)
FNDA:0,(anonymous_17)
FNDA:2,(anonymous_18)
FNDA:1,(anonymous_19)
FNDA:1,(anonymous_20)
FNDA:0,(anonymous_21)
DA:1,1
DA:2,1
DA:3,1
DA:5,1
DA:6,24
DA:7,24
DA:8,24
DA:9,24
DA:10,24
DA:11,24
DA:14,24
DA:15,24
DA:16,24
DA:17,24
DA:18,24
DA:19,24
DA:20,24
DA:25,24
DA:27,24
DA:28,19
DA:29,14
DA:30,14
DA:31,14
DA:35,24
DA:36,5
DA:37,0
DA:38,0
DA:39,0
DA:43,24
DA:44,5
DA:45,5
DA:46,5
DA:47,5
DA:48,5
DA:49,0
DA:51,5
DA:54,0
DA:56,5
DA:60,24
DA:61,5
DA:64,24
DA:65,1
DA:66,1
DA:67,1
DA:68,1
DA:69,0
DA:70,0
DA:73,1
DA:74,1
DA:75,1
DA:76,1
DA:77,1
DA:79,1
DA:85,0
DA:86,0
DA:88,0
DA:91,1
DA:93,1
DA:97,24
DA:98,1
DA:99,1
DA:100,1
DA:103,1
DA:104,0
DA:105,0
DA:109,1
DA:110,0
DA:111,0
DA:114,1
DA:116,1
DA:117,1
DA:124,1
DA:125,0
DA:127,1
DA:128,1
DA:129,1
DA:130,1
DA:131,1
DA:134,0
DA:136,1
DA:141,24
DA:223,1
DA:235,3
DA:236,3
DA:239,3
DA:240,1
DA:245,2
DA:249,3
DA:250,0
DA:252,3
DA:264,0
DA:278,2
DA:279,2
DA:282,2
DA:283,1
DA:285,1
DA:298,0
DA:322,5
LF:98
LH:79
BRDA:28,0,0,5
BRDA:28,0,1,14
BRDA:36,1,0,5
BRDA:36,1,1,0
BRDA:36,2,0,5
BRDA:36,2,1,5
BRDA:37,3,0,0
BRDA:37,3,1,0
BRDA:38,4,0,0
BRDA:38,4,1,0
BRDA:48,5,0,0
BRDA:48,5,1,5
BRDA:49,6,0,0
BRDA:49,6,1,0
BRDA:51,7,0,5
BRDA:51,7,1,0
BRDA:67,8,0,0
BRDA:67,8,1,1
BRDA:68,9,0,0
BRDA:68,9,1,1
BRDA:85,10,0,0
BRDA:85,10,1,0
BRDA:86,11,0,0
BRDA:86,11,1,0
BRDA:103,12,0,0
BRDA:103,12,1,1
BRDA:103,13,0,1
BRDA:103,13,1,1
BRDA:103,13,2,1
BRDA:109,14,0,0
BRDA:109,14,1,1
BRDA:109,15,0,1
BRDA:109,15,1,1
BRDA:124,16,0,0
BRDA:124,16,1,1
BRDA:125,17,0,0
BRDA:125,17,1,0
BRDA:141,18,0,24
BRDA:141,18,1,10
BRDA:149,19,0,24
BRDA:155,20,0,24
BRDA:155,20,1,0
BRDA:161,21,0,24
BRDA:164,22,0,14
BRDA:163,23,0,19
BRDA:163,23,1,14
BRDA:166,24,0,14
BRDA:166,24,1,0
BRDA:166,25,0,14
BRDA:166,25,1,0
BRDA:176,26,0,1
BRDA:176,26,1,18
BRDA:177,27,0,1
BRDA:177,27,1,18
BRDA:191,28,0,19
BRDA:191,28,1,5
BRDA:195,29,0,19
BRDA:195,29,1,5
BRDA:199,30,0,19
BRDA:199,30,1,5
BRDA:212,31,0,19
BRDA:213,32,0,19
BRDA:230,33,0,0
BRDA:230,33,1,19
BRDA:239,34,0,1
BRDA:239,34,1,2
BRDA:249,35,0,0
BRDA:249,35,1,3
BRDA:249,36,0,3
BRDA:249,36,1,0
BRDA:257,37,0,19
BRDA:273,38,0,0
BRDA:273,38,1,19
BRDA:282,39,0,1
BRDA:282,39,1,1
BRDA:290,40,0,19
BRDA:308,41,0,19
BRDA:308,41,1,18
BRDA:308,41,2,17
BRDA:310,42,0,1
BRDA:310,42,1,18
BRF:81
BRH:54
end_of_record
TN:
SF:src/utils/format.jsx
FN:1,formatDate
FN:13,(anonymous_5)
FN:22,timeUnicode
FN:44,formatTime
FNF:4
FNH:3
FNDA:12,formatDate
FNDA:12,(anonymous_5)
FNDA:0,timeUnicode
FNDA:12,formatTime
DA:2,12
DA:4,12
DA:9,12
DA:10,12
DA:11,12
DA:13,12
DA:14,12
DA:15,12
DA:16,12
DA:19,12
DA:23,0
DA:38,0
DA:40,0
DA:45,12
DA:48,12
LF:15
LH:12
BRDA:16,0,0,12
BRDA:16,0,1,12
BRDA:16,0,2,12
BRDA:45,1,0,0
BRDA:45,1,1,12
BRF:5
BRH:4
end_of_record
